Arguments: 
  D:\Program Files\nodejs\node.exe C:\Program Files (x86)\Yarn\bin\yarn.js config list --json

PATH: 
  C:\Python310\Scripts\;C:\Python310\;C:\Windows\system32;C:\Windows;C:\Windows\System32\Wbem;C:\Windows\System32\WindowsPowerShell\v1.0\;C:\Windows\System32\OpenSSH\;D:\Program Files\nodejs\;C:\ProgramData\chocolatey\bin;D:\Program Files\Git\cmd;C:\Program Files (x86)\Yarn\bin\;D:\Program Files (x86)\NetSarang\Xftp 7\;C:\Users\hejiyuan\AppData\Local\Microsoft\WindowsApps;C:\Users\hejiyuan\AppData\Roaming\npm;C:\Users\hejiyuan\AppData\Local\Yarn\bin

Yarn version: 
  1.22.15

Node version: 
  16.13.0

Platform: 
  win32 x64

Trace: 
  SyntaxError: C:\Users\hejiyuan\Desktop\vue-admin\package.json: Unexpected string in JSON at position 805
      at JSON.parse (<anonymous>)
      at C:\Program Files (x86)\Yarn\lib\cli.js:1625:59
      at Generator.next (<anonymous>)
      at step (C:\Program Files (x86)\Yarn\lib\cli.js:310:30)
      at C:\Program Files (x86)\Yarn\lib\cli.js:321:13

npm manifest: 
  {
    "name": "vue-yuan-admin",
    "version": "0.2.0",
    "private": true,
    "author": "禾几元",
    "scripts": {
      "dev": "vite",
      "build": "vite build",
      "serve": "vite preview",
      "upload": "node ./deploy/auto-upload",
      "lint:css": "stylelint **/*.{vue,css,sass,scss} --fix"
    },
    "dependencies": {
      "@vueuse/core": "^6.9.1",
      "axios": "^0.24.0",
      "echarts": "^5.2.2",
      "element-plus": "1.1.0-beta.20",
      "js-cookie": "^3.0.1",
      "mockjs": "^1.1.0",
      "pinia": "^2.0.3",
      "vue": "^3.2.22",
      "vue-router": "^4.0.12"
    },
    "devDependencies": {
      "@vitejs/plugin-vue": "^1.9.4",
      "@vitejs/plugin-vue-jsx": "^1.2.0",
      "@vue/compiler-sfc": "^3.2.22",
      "postcss-html": "^1.2.0",
      "prettier": "^2.4.1",
      "sass": "^1.43.4",
      "stylelint": "^14.1.0",
      ""
      "stylelint-config-html": "^1.0.0",
      "stylelint-config-prettier": "^9.0.3",
      "stylelint-config-recess-order": "^3.0.0",
      "stylelint-config-standard": "^24.0.0",
      "stylelint-config-standard-scss": "^2.0.1",
      "vite": "^2.6.14",
      "vite-plugin-mock": "^2.9.6"
    },
    "engines": {
      "node": ">= 12.0.0"
    }
  }

yarn manifest: 
  No manifest

Lockfile: 
  # THIS IS AN AUTOGENERATED FILE. DO NOT EDIT THIS FILE DIRECTLY.
  # yarn lockfile v1
  
  
  "@babel/code-frame@^7.0.0", "@babel/code-frame@^7.14.5", "@babel/code-frame@^7.15.8":
    version "7.15.8"
    resolved "https://registry.npmmirror.com/@babel/code-frame/download/@babel/code-frame-7.15.8.tgz"
    integrity sha1-RZkMR62tsAwDZ3uqiSIffMI9JQM=
    dependencies:
      "@babel/highlight" "^7.14.5"
  
  "@babel/compat-data@^7.15.0":
    version "7.15.0"
    resolved "https://registry.nlark.com/@babel/compat-data/download/@babel/compat-data-7.15.0.tgz"
    integrity sha1-Lbr4uFM0eWyvuw9Xk6kKL8AQsXY=
  
  "@babel/core@^7.15.5":
    version "7.15.8"
    resolved "https://registry.npmmirror.com/@babel/core/download/@babel/core-7.15.8.tgz?cache=0&sync_timestamp=1633555997684&other_urls=https%3A%2F%2Fregistry.npmmirror.com%2F%40babel%2Fcore%2Fdownload%2F%40babel%2Fcore-7.15.8.tgz"
    integrity sha1-GVufK//pldLGwVnnL+UltBFOjBA=
    dependencies:
      "@babel/code-frame" "^7.15.8"
      "@babel/generator" "^7.15.8"
      "@babel/helper-compilation-targets" "^7.15.4"
      "@babel/helper-module-transforms" "^7.15.8"
      "@babel/helpers" "^7.15.4"
      "@babel/parser" "^7.15.8"
      "@babel/template" "^7.15.4"
      "@babel/traverse" "^7.15.4"
      "@babel/types" "^7.15.6"
      convert-source-map "^1.7.0"
      debug "^4.1.0"
      gensync "^1.0.0-beta.2"
      json5 "^2.1.2"
      semver "^6.3.0"
      source-map "^0.5.0"
  
  "@babel/generator@^7.15.4", "@babel/generator@^7.15.8":
    version "7.15.8"
    resolved "https://registry.npmmirror.com/@babel/generator/download/@babel/generator-7.15.8.tgz?cache=0&sync_timestamp=1633555998282&other_urls=https%3A%2F%2Fregistry.npmmirror.com%2F%40babel%2Fgenerator%2Fdownload%2F%40babel%2Fgenerator-7.15.8.tgz"
    integrity sha1-+la+a1lpUs6yMQSM+E7kmaGcDNE=
    dependencies:
      "@babel/types" "^7.15.6"
      jsesc "^2.5.1"
      source-map "^0.5.0"
  
  "@babel/helper-annotate-as-pure@^7.15.4":
    version "7.15.4"
    resolved "https://registry.nlark.com/@babel/helper-annotate-as-pure/download/@babel/helper-annotate-as-pure-7.15.4.tgz"
    integrity sha1-PQ5DsAxeSf22xX5CFgGnpljV+DU=
    dependencies:
      "@babel/types" "^7.15.4"
  
  "@babel/helper-compilation-targets@^7.15.4":
    version "7.15.4"
    resolved "https://registry.nlark.com/@babel/helper-compilation-targets/download/@babel/helper-compilation-targets-7.15.4.tgz"
    integrity sha1-z22U8w++/BORI+J91rAvZa7tt7k=
    dependencies:
      "@babel/compat-data" "^7.15.0"
      "@babel/helper-validator-option" "^7.14.5"
      browserslist "^4.16.6"
      semver "^6.3.0"
  
  "@babel/helper-create-class-features-plugin@^7.15.4":
    version "7.15.4"
    resolved "https://registry.nlark.com/@babel/helper-create-class-features-plugin/download/@babel/helper-create-class-features-plugin-7.15.4.tgz"
    integrity sha1-f5d8F70SpfujY8sZvqCQOUvzfS4=
    dependencies:
      "@babel/helper-annotate-as-pure" "^7.15.4"
      "@babel/helper-function-name" "^7.15.4"
      "@babel/helper-member-expression-to-functions" "^7.15.4"
      "@babel/helper-optimise-call-expression" "^7.15.4"
      "@babel/helper-replace-supers" "^7.15.4"
      "@babel/helper-split-export-declaration" "^7.15.4"
  
  "@babel/helper-function-name@^7.15.4":
    version "7.15.4"
    resolved "https://registry.nlark.com/@babel/helper-function-name/download/@babel/helper-function-name-7.15.4.tgz"
    integrity sha1-hFdE2vxDgaSl+2r6bD02+Yp4frw=
    dependencies:
      "@babel/helper-get-function-arity" "^7.15.4"
      "@babel/template" "^7.15.4"
      "@babel/types" "^7.15.4"
  
  "@babel/helper-get-function-arity@^7.15.4":
    version "7.15.4"
    resolved "https://registry.nlark.com/@babel/helper-get-function-arity/download/@babel/helper-get-function-arity-7.15.4.tgz"
    integrity sha1-CYgYk0oTf854tTaj4BWGS+Hih5s=
    dependencies:
      "@babel/types" "^7.15.4"
  
  "@babel/helper-hoist-variables@^7.15.4":
    version "7.15.4"
    resolved "https://registry.nlark.com/@babel/helper-hoist-variables/download/@babel/helper-hoist-variables-7.15.4.tgz"
    integrity sha1-CZk6MlnA6Rj5nRBCYd/fwDPxeN8=
    dependencies:
      "@babel/types" "^7.15.4"
  
  "@babel/helper-member-expression-to-functions@^7.15.4":
    version "7.15.4"
    resolved "https://registry.nlark.com/@babel/helper-member-expression-to-functions/download/@babel/helper-member-expression-to-functions-7.15.4.tgz"
    integrity sha1-v9NNybupgkpGWLAxfsL9VxpR5u8=
    dependencies:
      "@babel/types" "^7.15.4"
  
  "@babel/helper-module-imports@^7.0.0", "@babel/helper-module-imports@^7.15.4":
    version "7.15.4"
    resolved "https://registry.nlark.com/@babel/helper-module-imports/download/@babel/helper-module-imports-7.15.4.tgz"
    integrity sha1-4YAH0jBjLeoZtHhTuYRHbntOED8=
    dependencies:
      "@babel/types" "^7.15.4"
  
  "@babel/helper-module-transforms@^7.15.8":
    version "7.15.8"
    resolved "https://registry.npmmirror.com/@babel/helper-module-transforms/download/@babel/helper-module-transforms-7.15.8.tgz"
    integrity sha1-2MDnWoelLjdKjyX4VRdHhqCUmLI=
    dependencies:
      "@babel/helper-module-imports" "^7.15.4"
      "@babel/helper-replace-supers" "^7.15.4"
      "@babel/helper-simple-access" "^7.15.4"
      "@babel/helper-split-export-declaration" "^7.15.4"
      "@babel/helper-validator-identifier" "^7.15.7"
      "@babel/template" "^7.15.4"
      "@babel/traverse" "^7.15.4"
      "@babel/types" "^7.15.6"
  
  "@babel/helper-optimise-call-expression@^7.15.4":
    version "7.15.4"
    resolved "https://registry.nlark.com/@babel/helper-optimise-call-expression/download/@babel/helper-optimise-call-expression-7.15.4.tgz"
    integrity sha1-8xClEho7nMUtmrGRIr1ymCLe4XE=
    dependencies:
      "@babel/types" "^7.15.4"
  
  "@babel/helper-plugin-utils@^7.10.4", "@babel/helper-plugin-utils@^7.14.5":
    version "7.14.5"
    resolved "https://registry.nlark.com/@babel/helper-plugin-utils/download/@babel/helper-plugin-utils-7.14.5.tgz"
    integrity sha1-WsgizpfuxGdBq3ClF5ceRDpwxak=
  
  "@babel/helper-replace-supers@^7.15.4":
    version "7.15.4"
    resolved "https://registry.nlark.com/@babel/helper-replace-supers/download/@babel/helper-replace-supers-7.15.4.tgz"
    integrity sha1-UqirJrqRjH9t7ihiiwcHGse3NHo=
    dependencies:
      "@babel/helper-member-expression-to-functions" "^7.15.4"
      "@babel/helper-optimise-call-expression" "^7.15.4"
      "@babel/traverse" "^7.15.4"
      "@babel/types" "^7.15.4"
  
  "@babel/helper-simple-access@^7.15.4":
    version "7.15.4"
    resolved "https://registry.nlark.com/@babel/helper-simple-access/download/@babel/helper-simple-access-7.15.4.tgz"
    integrity sha1-rDaJBavx3o6XgUNLY12PhnS8wTs=
    dependencies:
      "@babel/types" "^7.15.4"
  
  "@babel/helper-split-export-declaration@^7.15.4":
    version "7.15.4"
    resolved "https://registry.nlark.com/@babel/helper-split-export-declaration/download/@babel/helper-split-export-declaration-7.15.4.tgz"
    integrity sha1-rsq5Lc2+9qEKo7YqsgSwhfd24lc=
    dependencies:
      "@babel/types" "^7.15.4"
  
  "@babel/helper-validator-identifier@^7.14.5", "@babel/helper-validator-identifier@^7.14.9", "@babel/helper-validator-identifier@^7.15.7":
    version "7.15.7"
    resolved "https://registry.nlark.com/@babel/helper-validator-identifier/download/@babel/helper-validator-identifier-7.15.7.tgz?cache=0&sync_timestamp=1631921299259&other_urls=https%3A%2F%2Fregistry.nlark.com%2F%40babel%2Fhelper-validator-identifier%2Fdownload%2F%40babel%2Fhelper-validator-identifier-7.15.7.tgz"
    integrity sha1-Ig35k7/pBKSmsCq08zhaXr9uI4k=
  
  "@babel/helper-validator-option@^7.14.5":
    version "7.14.5"
    resolved "https://registry.nlark.com/@babel/helper-validator-option/download/@babel/helper-validator-option-7.14.5.tgz?cache=0&sync_timestamp=1623280454131&other_urls=https%3A%2F%2Fregistry.nlark.com%2F%40babel%2Fhelper-validator-option%2Fdownload%2F%40babel%2Fhelper-validator-option-7.14.5.tgz"
    integrity sha1-bnKh//GNXfy4eOHmLxoCHEty1aM=
  
  "@babel/helpers@^7.15.4":
    version "7.15.4"
    resolved "https://registry.nlark.com/@babel/helpers/download/@babel/helpers-7.15.4.tgz"
    integrity sha1-X0DwIFCjAnEho89I1JfAXFVer0M=
    dependencies:
      "@babel/template" "^7.15.4"
      "@babel/traverse" "^7.15.4"
      "@babel/types" "^7.15.4"
  
  "@babel/highlight@^7.14.5":
    version "7.14.5"
    resolved "https://registry.nlark.com/@babel/highlight/download/@babel/highlight-7.14.5.tgz?cache=0&sync_timestamp=1623280566358&other_urls=https%3A%2F%2Fregistry.nlark.com%2F%40babel%2Fhighlight%2Fdownload%2F%40babel%2Fhighlight-7.14.5.tgz"
    integrity sha1-aGGlLwOWZAUAH2qlNKAaJNmejNk=
    dependencies:
      "@babel/helper-validator-identifier" "^7.14.5"
      chalk "^2.0.0"
      js-tokens "^4.0.0"
  
  "@babel/parser@^7.15.0", "@babel/parser@^7.15.4", "@babel/parser@^7.15.8":
    version "7.15.8"
    resolved "https://registry.npmmirror.com/@babel/parser/download/@babel/parser-7.15.8.tgz?cache=0&sync_timestamp=1633555998762&other_urls=https%3A%2F%2Fregistry.npmmirror.com%2F%40babel%2Fparser%2Fdownload%2F%40babel%2Fparser-7.15.8.tgz"
    integrity sha1-e6zcvnG9w/+TbVEMFdzqfPC5kBY=
  
  "@babel/plugin-syntax-import-meta@^7.10.4":
    version "7.10.4"
    resolved "https://registry.nlark.com/@babel/plugin-syntax-import-meta/download/@babel/plugin-syntax-import-meta-7.10.4.tgz"
    integrity sha1-7mATSMNw+jNNIge+FYd3SWUh/VE=
    dependencies:
      "@babel/helper-plugin-utils" "^7.10.4"
  
  "@babel/plugin-syntax-jsx@^7.0.0":
    version "7.14.5"
    resolved "https://registry.nlark.com/@babel/plugin-syntax-jsx/download/@babel/plugin-syntax-jsx-7.14.5.tgz"
    integrity sha1-AA4uJdhnPM5JMAUXo+2kTCY+QgE=
    dependencies:
      "@babel/helper-plugin-utils" "^7.14.5"
  
  "@babel/plugin-syntax-typescript@^7.14.5":
    version "7.14.5"
    resolved "https://registry.nlark.com/@babel/plugin-syntax-typescript/download/@babel/plugin-syntax-typescript-7.14.5.tgz?cache=0&sync_timestamp=1623280464087&other_urls=https%3A%2F%2Fregistry.nlark.com%2F%40babel%2Fplugin-syntax-typescript%2Fdownload%2F%40babel%2Fplugin-syntax-typescript-7.14.5.tgz"
    integrity sha1-uCxs5HGxZbXOQgz5KRTW+0YiVxY=
    dependencies:
      "@babel/helper-plugin-utils" "^7.14.5"
  
  "@babel/plugin-transform-typescript@^7.15.4":
    version "7.15.8"
    resolved "https://registry.npmmirror.com/@babel/plugin-transform-typescript/download/@babel/plugin-transform-typescript-7.15.8.tgz"
    integrity sha1-/w5qR96bLVhlISOrWoebL/IGZdg=
    dependencies:
      "@babel/helper-create-class-features-plugin" "^7.15.4"
      "@babel/helper-plugin-utils" "^7.14.5"
      "@babel/plugin-syntax-typescript" "^7.14.5"
  
  "@babel/template@^7.0.0", "@babel/template@^7.15.4":
    version "7.15.4"
    resolved "https://registry.nlark.com/@babel/template/download/@babel/template-7.15.4.tgz"
    integrity sha1-UYmNNdzz+qZwxO5q/P1RfuE58ZQ=
    dependencies:
      "@babel/code-frame" "^7.14.5"
      "@babel/parser" "^7.15.4"
      "@babel/types" "^7.15.4"
  
  "@babel/traverse@^7.0.0", "@babel/traverse@^7.15.4":
    version "7.15.4"
    resolved "https://registry.nlark.com/@babel/traverse/download/@babel/traverse-7.15.4.tgz"
    integrity sha1-/4UQNnoUS/v/VS2eGOKPPiiJwi0=
    dependencies:
      "@babel/code-frame" "^7.14.5"
      "@babel/generator" "^7.15.4"
      "@babel/helper-function-name" "^7.15.4"
      "@babel/helper-hoist-variables" "^7.15.4"
      "@babel/helper-split-export-declaration" "^7.15.4"
      "@babel/parser" "^7.15.4"
      "@babel/types" "^7.15.4"
      debug "^4.1.0"
      globals "^11.1.0"
  
  "@babel/types@^7.0.0", "@babel/types@^7.15.4", "@babel/types@^7.15.6":
    version "7.15.6"
    resolved "https://registry.nlark.com/@babel/types/download/@babel/types-7.15.6.tgz"
    integrity sha1-mavcSCGLKIHAWN0KerBbmcm+dY8=
    dependencies:
      "@babel/helper-validator-identifier" "^7.14.9"
      to-fast-properties "^2.0.0"
  
  "@nodelib/fs.scandir@2.1.5":
    version "2.1.5"
    resolved "https://registry.nlark.com/@nodelib/fs.scandir/download/@nodelib/fs.scandir-2.1.5.tgz"
    integrity sha1-dhnC6yGyVIP20WdUi0z9WnSIw9U=
    dependencies:
      "@nodelib/fs.stat" "2.0.5"
      run-parallel "^1.1.9"
  
  "@nodelib/fs.stat@2.0.5", "@nodelib/fs.stat@^2.0.2":
    version "2.0.5"
    resolved "https://registry.nlark.com/@nodelib/fs.stat/download/@nodelib/fs.stat-2.0.5.tgz"
    integrity sha1-W9Jir5Tp0lvR5xsF3u1Eh2oiLos=
  
  "@nodelib/fs.walk@^1.2.3":
    version "1.2.8"
    resolved "https://registry.nlark.com/@nodelib/fs.walk/download/@nodelib/fs.walk-1.2.8.tgz"
    integrity sha1-6Vc36LtnRt3t9pxVaVNJTxlv5po=
    dependencies:
      "@nodelib/fs.scandir" "2.1.5"
      fastq "^1.6.0"
  
  "@popperjs/core@^2.10.1":
    version "2.10.2"
    resolved "https://registry.npmjs.org/@popperjs/core/-/core-2.10.2.tgz"
    integrity sha512-IXf3XA7+XyN7CP9gGh/XB0UxVMlvARGEgGXLubFICsUMGz6Q+DU+i4gGlpOxTjKvXjkJDJC8YdqdKkDj9qZHEQ==
  
  "@rollup/plugin-node-resolve@^13.0.4":
    version "13.0.5"
    resolved "https://registry.nlark.com/@rollup/plugin-node-resolve/download/@rollup/plugin-node-resolve-13.0.5.tgz"
    integrity sha1-AWq+WHlqT/VE1r6seBiSHj03d/w=
    dependencies:
      "@rollup/pluginutils" "^3.1.0"
      "@types/resolve" "1.17.1"
      builtin-modules "^3.1.0"
      deepmerge "^4.2.2"
      is-module "^1.0.0"
      resolve "^1.19.0"
  
  "@rollup/pluginutils@^3.1.0":
    version "3.1.0"
    resolved "https://registry.nlark.com/@rollup/pluginutils/download/@rollup/pluginutils-3.1.0.tgz"
    integrity sha1-cGtFJO5tyLEDs8mVUz5a1oDAK5s=
    dependencies:
      "@types/estree" "0.0.39"
      estree-walker "^1.0.1"
      picomatch "^2.2.2"
  
  "@rollup/pluginutils@^4.1.1":
    version "4.1.1"
    resolved "https://registry.nlark.com/@rollup/pluginutils/download/@rollup/pluginutils-4.1.1.tgz"
    integrity sha1-HU2obdTt7RVlalfZM/2iuaCNR+w=
    dependencies:
      estree-walker "^2.0.1"
      picomatch "^2.2.2"
  
  "@types/estree@0.0.39":
    version "0.0.39"
    resolved "https://registry.nlark.com/@types/estree/download/@types/estree-0.0.39.tgz?cache=0&sync_timestamp=1629707592205&other_urls=https%3A%2F%2Fregistry.nlark.com%2F%40types%2Festree%2Fdownload%2F%40types%2Festree-0.0.39.tgz"
    integrity sha1-4Xfmme4bjCLSMXTKqnQiZEOJUJ8=
  
  "@types/minimist@^1.2.0":
    version "1.2.2"
    resolved "https://registry.nlark.com/@types/minimist/download/@types/minimist-1.2.2.tgz?cache=0&sync_timestamp=1629708337116&other_urls=https%3A%2F%2Fregistry.nlark.com%2F%40types%2Fminimist%2Fdownload%2F%40types%2Fminimist-1.2.2.tgz"
    integrity sha1-7nceK6Sz3Fs3KTXVSf2WF780W4w=
  
  "@types/mockjs@^1.0.4":
    version "1.0.4"
    resolved "https://registry.nlark.com/@types/mockjs/download/@types/mockjs-1.0.4.tgz?cache=0&sync_timestamp=1629708517823&other_urls=https%3A%2F%2Fregistry.nlark.com%2F%40types%2Fmockjs%2Fdownload%2F%40types%2Fmockjs-1.0.4.tgz"
    integrity sha1-5waVHV4ztPCku3Ox+LEk4m8IHeA=
  
  "@types/node@*":
    version "16.11.0"
    resolved "https://registry.npmmirror.com/@types/node/download/@types/node-16.11.0.tgz?cache=0&sync_timestamp=1634237517034&other_urls=https%3A%2F%2Fregistry.npmmirror.com%2F%40types%2Fnode%2Fdownload%2F%40types%2Fnode-16.11.0.tgz"
    integrity sha1-S5XyMnus0e+PCNjO2hkwOcXX9S4=
  
  "@types/normalize-package-data@^2.4.0":
    version "2.4.1"
    resolved "https://registry.nlark.com/@types/normalize-package-data/download/@types/normalize-package-data-2.4.1.tgz?cache=0&sync_timestamp=1629708441689&other_urls=https%3A%2F%2Fregistry.nlark.com%2F%40types%2Fnormalize-package-data%2Fdownload%2F%40types%2Fnormalize-package-data-2.4.1.tgz"
    integrity sha1-0zV0eaD9/dWQf+Z+F+CoXJBuEwE=
  
  "@types/parse-json@^4.0.0":
    version "4.0.0"
    resolved "https://registry.nlark.com/@types/parse-json/download/@types/parse-json-4.0.0.tgz?cache=0&sync_timestamp=1629708684134&other_urls=https%3A%2F%2Fregistry.nlark.com%2F%40types%2Fparse-json%2Fdownload%2F%40types%2Fparse-json-4.0.0.tgz"
    integrity sha1-L4u0QUNNFjs1+4/9zNcTiSf/uMA=
  
  "@types/resolve@1.17.1":
    version "1.17.1"
    resolved "https://registry.nlark.com/@types/resolve/download/@types/resolve-1.17.1.tgz?cache=0&sync_timestamp=1629709126008&other_urls=https%3A%2F%2Fregistry.nlark.com%2F%40types%2Fresolve%2Fdownload%2F%40types%2Fresolve-1.17.1.tgz"
    integrity sha1-Ov1q2JZ8d+Q3bFmKgt3Vj0bsRdY=
    dependencies:
      "@types/node" "*"
  
  "@vitejs/plugin-vue-jsx@^1.2.0":
    version "1.2.0"
    resolved "https://registry.npmmirror.com/@vitejs/plugin-vue-jsx/download/@vitejs/plugin-vue-jsx-1.2.0.tgz"
    integrity sha1-pCFr27ixKABTfTnjtXEfzy60cO8=
    dependencies:
      "@babel/core" "^7.15.5"
      "@babel/plugin-syntax-import-meta" "^7.10.4"
      "@babel/plugin-transform-typescript" "^7.15.4"
      "@rollup/pluginutils" "^4.1.1"
      "@vue/babel-plugin-jsx" "^1.0.7"
      hash-sum "^2.0.0"
  
  "@vitejs/plugin-vue@^1.9.4":
    version "1.9.4"
    resolved "https://registry.npmjs.org/@vitejs/plugin-vue/-/plugin-vue-1.9.4.tgz"
    integrity sha512-0CZqaCoChriPTTtGkERy1LGPcYjGFpi2uYRhBPIkqJqUGV5JnJFhQAgh6oH9j5XZHfrRaisX8W0xSpO4T7S78A==
  
  "@vue/babel-helper-vue-transform-on@^1.0.2":
    version "1.0.2"
    resolved "https://registry.nlark.com/@vue/babel-helper-vue-transform-on/download/@vue/babel-helper-vue-transform-on-1.0.2.tgz"
    integrity sha1-m5xpHNBvyFUiGiR1w8yDHXdLx9w=
  
  "@vue/babel-plugin-jsx@^1.0.7":
    version "1.1.0"
    resolved "https://registry.npmmirror.com/@vue/babel-plugin-jsx/download/@vue/babel-plugin-jsx-1.1.0.tgz"
    integrity sha1-63OHHL5Gi8EhQUQaAFLYlIrE9n0=
    dependencies:
      "@babel/helper-module-imports" "^7.0.0"
      "@babel/plugin-syntax-jsx" "^7.0.0"
      "@babel/template" "^7.0.0"
      "@babel/traverse" "^7.0.0"
      "@babel/types" "^7.0.0"
      "@vue/babel-helper-vue-transform-on" "^1.0.2"
      camelcase "^6.0.0"
      html-tags "^3.1.0"
      svg-tags "^1.0.0"
  
  "@vue/compiler-core@3.2.22":
    version "3.2.22"
    resolved "https://registry.npmjs.org/@vue/compiler-core/-/compiler-core-3.2.22.tgz"
    integrity sha512-uAkovrVeTcjzpiM4ECmVaMrv/bjdgAaLzvjcGqQPBEyUrcqsCgccT9fHJ/+hWVGhyMahmBwLqcn4guULNx7sdw==
    dependencies:
      "@babel/parser" "^7.15.0"
      "@vue/shared" "3.2.22"
      estree-walker "^2.0.2"
      source-map "^0.6.1"
  
  "@vue/compiler-dom@3.2.22":
    version "3.2.22"
    resolved "https://registry.npmjs.org/@vue/compiler-dom/-/compiler-dom-3.2.22.tgz"
    integrity sha512-VZdsw/VuO1ODs8K7NQwnMQzKITDkIFlYYC03SVnunuf6eNRxBPEonSyqbWNoo6qNaHAEBTG6VVcZC5xC9bAx1g==
    dependencies:
      "@vue/compiler-core" "3.2.22"
      "@vue/shared" "3.2.22"
  
  "@vue/compiler-sfc@3.2.22", "@vue/compiler-sfc@^3.2.22":
    version "3.2.22"
    resolved "https://registry.npmjs.org/@vue/compiler-sfc/-/compiler-sfc-3.2.22.tgz"
    integrity sha512-tWRQ5ge1tsTDhUwHgueicKJ8rYm6WUVAPTaIpFW3GSwZKcOEJ2rXdfkHFShNVGupeRALz2ET2H84OL0GeRxY0A==
    dependencies:
      "@babel/parser" "^7.15.0"
      "@vue/compiler-core" "3.2.22"
      "@vue/compiler-dom" "3.2.22"
      "@vue/compiler-ssr" "3.2.22"
      "@vue/ref-transform" "3.2.22"
      "@vue/shared" "3.2.22"
      estree-walker "^2.0.2"
      magic-string "^0.25.7"
      postcss "^8.1.10"
      source-map "^0.6.1"
  
  "@vue/compiler-ssr@3.2.22":
    version "3.2.22"
    resolved "https://registry.npmjs.org/@vue/compiler-ssr/-/compiler-ssr-3.2.22.tgz"
    integrity sha512-Cl6aoLJtXzzBkk1sKod8S0WBJLts3+ugVC91d22gGpbkw/64WnF12tOZi7Rg54PPLi1NovqyNWPsLH/SAFcu+w==
    dependencies:
      "@vue/compiler-dom" "3.2.22"
      "@vue/shared" "3.2.22"
  
  "@vue/devtools-api@^6.0.0-beta.18":
    version "6.0.0-beta.19"
    resolved "https://registry.npmmirror.com/@vue/devtools-api/download/@vue/devtools-api-6.0.0-beta.19.tgz?cache=0&sync_timestamp=1633376929470&other_urls=https%3A%2F%2Fregistry.npmmirror.com%2F%40vue%2Fdevtools-api%2Fdownload%2F%40vue%2Fdevtools-api-6.0.0-beta.19.tgz"
    integrity sha1-+OiAWdqkJFFZkkJqDH6lzeB+mb8=
  
  "@vue/devtools-api@^6.0.0-beta.20":
    version "6.0.0-beta.20.1"
    resolved "https://registry.npmjs.org/@vue/devtools-api/-/devtools-api-6.0.0-beta.20.1.tgz"
    integrity sha512-R2rfiRY+kZugzWh9ZyITaovx+jpU4vgivAEAiz80kvh3yviiTU3CBuGuyWpSwGz9/C7TkSWVM/FtQRGlZ16n8Q==
  
  "@vue/reactivity@3.2.22":
    version "3.2.22"
    resolved "https://registry.npmjs.org/@vue/reactivity/-/reactivity-3.2.22.tgz"
    integrity sha512-xNkLAItjI0xB+lFeDgKCrSItmrHTaAzSnt8LmdSCPQnDyarmzbi/u4ESQnckWvlL7lSRKiEaOvblaNyqAa7OnQ==
    dependencies:
      "@vue/shared" "3.2.22"
  
  "@vue/ref-transform@3.2.22":
    version "3.2.22"
    resolved "https://registry.npmjs.org/@vue/ref-transform/-/ref-transform-3.2.22.tgz"
    integrity sha512-qalVWbq5xWWxLZ0L9OroBg/JZhzavQuCcDXblfErxyDEH6Xc5gIJ4feo1SVCICFzhAUgLgQTdSFLpgjBawbFpw==
    dependencies:
      "@babel/parser" "^7.15.0"
      "@vue/compiler-core" "3.2.22"
      "@vue/shared" "3.2.22"
      estree-walker "^2.0.2"
      magic-string "^0.25.7"
  
  "@vue/runtime-core@3.2.22":
    version "3.2.22"
    resolved "https://registry.npmjs.org/@vue/runtime-core/-/runtime-core-3.2.22.tgz"
    integrity sha512-e7WOC55wmHPvmoVUk9VBe/Z9k5bJfWJfVIlkUkiADJn0bOgQD29oh/GS14Kb3aEJXIHLI17Em6+HxNut1sIh7Q==
    dependencies:
      "@vue/reactivity" "3.2.22"
      "@vue/shared" "3.2.22"
  
  "@vue/runtime-dom@3.2.22":
    version "3.2.22"
    resolved "https://registry.npmjs.org/@vue/runtime-dom/-/runtime-dom-3.2.22.tgz"
    integrity sha512-w7VHYJoliLRTLc5beN77wxuOjla4v9wr2FF22xpZFYBmH4U1V7HkYhoHc1BTuNghI15CXT1tNIMhibI1nrQgdw==
    dependencies:
      "@vue/runtime-core" "3.2.22"
      "@vue/shared" "3.2.22"
      csstype "^2.6.8"
  
  "@vue/server-renderer@3.2.22":
    version "3.2.22"
    resolved "https://registry.npmjs.org/@vue/server-renderer/-/server-renderer-3.2.22.tgz"
    integrity sha512-jCwbQgKPXiXoH9VS9F7K+gyEvEMrjutannwEZD1R8fQ9szmOTqC+RRbIY3Uf2ibQjZtZ8DV9a4FjxICvd9zZlQ==
    dependencies:
      "@vue/compiler-ssr" "3.2.22"
      "@vue/shared" "3.2.22"
  
  "@vue/shared@3.2.22":
    version "3.2.22"
    resolved "https://registry.npmjs.org/@vue/shared/-/shared-3.2.22.tgz"
    integrity sha512-qWVav014mpjEtbWbEgl0q9pEyrrIySKum8UVYjwhC6njrKzknLZPvfuYdQyVbApsqr94tf/3dP4pCuZmmjdCWQ==
  
  "@vueuse/core@^6.9.1":
    version "6.9.1"
    resolved "https://registry.npmjs.org/@vueuse/core/-/core-6.9.1.tgz"
    integrity sha512-msa36DxnnbIu41bUTvfSudF6TL4wo0+Yrpw6yr1bFtwtYTOo8GZXYWPKyvXUVGhBBqrTVNTqsTtD0eXXHJ3roA==
    dependencies:
      "@vueuse/shared" "6.9.1"
      vue-demi "*"
  
  "@vueuse/core@~6.1.0":
    version "6.1.0"
    resolved "https://registry.npmjs.org/@vueuse/core/-/core-6.1.0.tgz"
    integrity sha512-6KienU5QOWKuDqvHytep14274IGKyLlACzXjifOrgDQMkqvWZIUnDhpckT/1+O8n8DN59d5wzzICZI/2sfGCyg==
    dependencies:
      "@vueuse/shared" "6.1.0"
      vue-demi "*"
  
  "@vueuse/shared@6.1.0":
    version "6.1.0"
    resolved "https://registry.npmjs.org/@vueuse/shared/-/shared-6.1.0.tgz"
    integrity sha512-teW0TUQryGnEprHeOI6oH8NPVJBirknxksEiNCtdEjIi8W7JSTg8JPO+e1XlGI6ly24NDlDXUDYaHJayiaXjuw==
    dependencies:
      vue-demi "*"
  
  "@vueuse/shared@6.9.1":
    version "6.9.1"
    resolved "https://registry.npmjs.org/@vueuse/shared/-/shared-6.9.1.tgz"
    integrity sha512-nQh+ayxkeCKUU9MZjyQpE7KfOb18e/QOHolOE2ZK5dpoHzCZK7MSXzgDtvb9omGkgK0mjXlLSJsVdGhG+QW7Aw==
    dependencies:
      vue-demi "*"
  
  ajv@^8.0.1:
    version "8.6.3"
    resolved "https://registry.nlark.com/ajv/download/ajv-8.6.3.tgz?cache=0&sync_timestamp=1631470912358&other_urls=https%3A%2F%2Fregistry.nlark.com%2Fajv%2Fdownload%2Fajv-8.6.3.tgz"
    integrity sha1-EaZlJ3Ydw+mjhF6nddLTwEFOh2Q=
    dependencies:
      fast-deep-equal "^3.1.1"
      json-schema-traverse "^1.0.0"
      require-from-string "^2.0.2"
      uri-js "^4.2.2"
  
  ansi-regex@^5.0.1:
    version "5.0.1"
    resolved "https://registry.nlark.com/ansi-regex/download/ansi-regex-5.0.1.tgz?cache=0&sync_timestamp=1631634988487&other_urls=https%3A%2F%2Fregistry.nlark.com%2Fansi-regex%2Fdownload%2Fansi-regex-5.0.1.tgz"
    integrity sha1-CCyyyJyf6GWaMRpTvWpNxTAdswQ=
  
  ansi-styles@^3.2.1:
    version "3.2.1"
    resolved "https://registry.nlark.com/ansi-styles/download/ansi-styles-3.2.1.tgz"
    integrity sha1-QfuyAkPlCxK+DwS43tvwdSDOhB0=
    dependencies:
      color-convert "^1.9.0"
  
  ansi-styles@^4.0.0, ansi-styles@^4.1.0:
    version "4.3.0"
    resolved "https://registry.nlark.com/ansi-styles/download/ansi-styles-4.3.0.tgz"
    integrity sha1-7dgDYornHATIWuegkG7a00tkiTc=
    dependencies:
      color-convert "^2.0.1"
  
  anymatch@~3.1.2:
    version "3.1.2"
    resolved "https://registry.nlark.com/anymatch/download/anymatch-3.1.2.tgz"
    integrity sha1-wFV8CWrzLxBhmPT04qODU343hxY=
    dependencies:
      normalize-path "^3.0.0"
      picomatch "^2.0.4"
  
  array-union@^2.1.0:
    version "2.1.0"
    resolved "https://registry.nlark.com/array-union/download/array-union-2.1.0.tgz"
    integrity sha1-t5hCCtvrHego2ErNii4j0+/oXo0=
  
  arrify@^1.0.1:
    version "1.0.1"
    resolved "https://registry.nlark.com/arrify/download/arrify-1.0.1.tgz?cache=0&sync_timestamp=1619599511725&other_urls=https%3A%2F%2Fregistry.nlark.com%2Farrify%2Fdownload%2Farrify-1.0.1.tgz"
    integrity sha1-iYUI2iIm84DfkEcoRWhJwVAaSw0=
  
  astral-regex@^2.0.0:
    version "2.0.0"
    resolved "https://registry.npm.taobao.org/astral-regex/download/astral-regex-2.0.0.tgz"
    integrity sha1-SDFDxWeu7UeFdZwIZXhtx319LjE=
  
  async-validator@^4.0.3:
    version "4.0.7"
    resolved "https://registry.npmjs.org/async-validator/-/async-validator-4.0.7.tgz"
    integrity sha512-Pj2IR7u8hmUEDOwB++su6baaRi+QvsgajuFB9j95foM1N2gy5HM4z60hfusIO0fBPG5uLAEl6yCJr1jNSVugEQ==
  
  axios@^0.24.0:
    version "0.24.0"
    resolved "https://registry.npmjs.org/axios/-/axios-0.24.0.tgz"
    integrity sha512-Q6cWsys88HoPgAaFAVUb0WpPk0O8iTeisR9IMqy9G8AbO4NlpVknrnQS03zzF9PGAWgO3cgletO3VjV/P7VztA==
    dependencies:
      follow-redirects "^1.14.4"
  
  balanced-match@^1.0.0:
    version "1.0.2"
    resolved "https://registry.nlark.com/balanced-match/download/balanced-match-1.0.2.tgz"
    integrity sha1-6D46fj8wCzTLnYf2FfoMvzV2kO4=
  
  balanced-match@^2.0.0:
    version "2.0.0"
    resolved "https://registry.nlark.com/balanced-match/download/balanced-match-2.0.0.tgz"
    integrity sha1-3HD5INeNuLhYU1eVhnv0j4IGM9k=
  
  binary-extensions@^2.0.0:
    version "2.2.0"
    resolved "https://registry.nlark.com/binary-extensions/download/binary-extensions-2.2.0.tgz"
    integrity sha1-dfUC7q+f/eQvyYgpZFvk6na9ni0=
  
  brace-expansion@^1.1.7:
    version "1.1.11"
    resolved "https://registry.nlark.com/brace-expansion/download/brace-expansion-1.1.11.tgz"
    integrity sha1-PH/L9SnYcibz0vUrlm/1Jx60Qd0=
    dependencies:
      balanced-match "^1.0.0"
      concat-map "0.0.1"
  
  braces@^3.0.1, braces@~3.0.2:
    version "3.0.2"
    resolved "https://registry.nlark.com/braces/download/braces-3.0.2.tgz"
    integrity sha1-NFThpGLujVmeI23zNs2epPiv4Qc=
    dependencies:
      fill-range "^7.0.1"
  
  browserslist@^4.16.6:
    version "4.17.4"
    resolved "https://registry.npmmirror.com/browserslist/download/browserslist-4.17.4.tgz?cache=0&sync_timestamp=1634137942238&other_urls=https%3A%2F%2Fregistry.npmmirror.com%2Fbrowserslist%2Fdownload%2Fbrowserslist-4.17.4.tgz"
    integrity sha1-cuJQivKkA67ApJhH7zG9gjxX6tQ=
    dependencies:
      caniuse-lite "^1.0.30001265"
      electron-to-chromium "^1.3.867"
      escalade "^3.1.1"
      node-releases "^2.0.0"
      picocolors "^1.0.0"
  
  builtin-modules@^3.1.0:
    version "3.2.0"
    resolved "https://registry.npm.taobao.org/builtin-modules/download/builtin-modules-3.2.0.tgz"
    integrity sha1-RdXbmefuXmvE82LgCL+RerUEmIc=
  
  callsites@^3.0.0:
    version "3.1.0"
    resolved "https://registry.nlark.com/callsites/download/callsites-3.1.0.tgz?cache=0&sync_timestamp=1628465506045&other_urls=https%3A%2F%2Fregistry.nlark.com%2Fcallsites%2Fdownload%2Fcallsites-3.1.0.tgz"
    integrity sha1-s2MKvYlDQy9Us/BRkjjjPNffL3M=
  
  camelcase-keys@^6.2.2:
    version "6.2.2"
    resolved "https://registry.npmmirror.com/camelcase-keys/download/camelcase-keys-6.2.2.tgz?cache=0&sync_timestamp=1633332920208&other_urls=https%3A%2F%2Fregistry.npmmirror.com%2Fcamelcase-keys%2Fdownload%2Fcamelcase-keys-6.2.2.tgz"
    integrity sha1-XnVda6UaoiPsfT1S8ld4IQ+dw8A=
    dependencies:
      camelcase "^5.3.1"
      map-obj "^4.0.0"
      quick-lru "^4.0.1"
  
  camelcase@^5.3.1:
    version "5.3.1"
    resolved "https://registry.nlark.com/camelcase/download/camelcase-5.3.1.tgz"
    integrity sha1-48mzFWnhBoEd8kL3FXJaH0xJQyA=
  
  camelcase@^6.0.0:
    version "6.2.0"
    resolved "https://registry.nlark.com/camelcase/download/camelcase-6.2.0.tgz"
    integrity sha1-kkr4gcnVJaydh/QNlk5c6pgqGAk=
  
  caniuse-lite@^1.0.30001265:
    version "1.0.30001267"
    resolved "https://registry.npmmirror.com/caniuse-lite/download/caniuse-lite-1.0.30001267.tgz?cache=0&sync_timestamp=1634187356568&other_urls=https%3A%2F%2Fregistry.npmmirror.com%2Fcaniuse-lite%2Fdownload%2Fcaniuse-lite-1.0.30001267.tgz"
    integrity sha1-sc8pNxda/AVw5GFfwtL5Bp+g7TA=
  
  chalk@^2.0.0:
    version "2.4.2"
    resolved "https://registry.nlark.com/chalk/download/chalk-2.4.2.tgz?cache=0&sync_timestamp=1627646614989&other_urls=https%3A%2F%2Fregistry.nlark.com%2Fchalk%2Fdownload%2Fchalk-2.4.2.tgz"
    integrity sha1-zUJUFnelQzPPVBpJEIwUMrRMlCQ=
    dependencies:
      ansi-styles "^3.2.1"
      escape-string-regexp "^1.0.5"
      supports-color "^5.3.0"
  
  chalk@^4.1.2:
    version "4.1.2"
    resolved "https://registry.nlark.com/chalk/download/chalk-4.1.2.tgz?cache=0&sync_timestamp=1627646614989&other_urls=https%3A%2F%2Fregistry.nlark.com%2Fchalk%2Fdownload%2Fchalk-4.1.2.tgz"
    integrity sha1-qsTit3NKdAhnrrFr8CqtVWoeegE=
    dependencies:
      ansi-styles "^4.1.0"
      supports-color "^7.1.0"
  
  "chokidar@>=3.0.0 <4.0.0", chokidar@^3.5.2:
    version "3.5.2"
    resolved "https://registry.nlark.com/chokidar/download/chokidar-3.5.2.tgz"
    integrity sha1-26OXb8rbAW9m/TZQIdkWANAcHnU=
    dependencies:
      anymatch "~3.1.2"
      braces "~3.0.2"
      glob-parent "~5.1.2"
      is-binary-path "~2.1.0"
      is-glob "~4.0.1"
      normalize-path "~3.0.0"
      readdirp "~3.6.0"
    optionalDependencies:
      fsevents "~2.3.2"
  
  clone-regexp@^2.1.0:
    version "2.2.0"
    resolved "https://registry.nlark.com/clone-regexp/download/clone-regexp-2.2.0.tgz"
    integrity sha1-fWXgCIXNh5ZAXDWnN+eoa3Qp428=
    dependencies:
      is-regexp "^2.0.0"
  
  color-convert@^1.9.0:
    version "1.9.3"
    resolved "https://registry.nlark.com/color-convert/download/color-convert-1.9.3.tgz?cache=0&sync_timestamp=1624607968569&other_urls=https%3A%2F%2Fregistry.nlark.com%2Fcolor-convert%2Fdownload%2Fcolor-convert-1.9.3.tgz"
    integrity sha1-u3GFBpDh8TZWfeYp0tVHHe2kweg=
    dependencies:
      color-name "1.1.3"
  
  color-convert@^2.0.1:
    version "2.0.1"
    resolved "https://registry.nlark.com/color-convert/download/color-convert-2.0.1.tgz?cache=0&sync_timestamp=1624607968569&other_urls=https%3A%2F%2Fregistry.nlark.com%2Fcolor-convert%2Fdownload%2Fcolor-convert-2.0.1.tgz"
    integrity sha1-ctOmjVmMm9s68q0ehPIdiWq9TeM=
    dependencies:
      color-name "~1.1.4"
  
  color-name@1.1.3:
    version "1.1.3"
    resolved "https://registry.nlark.com/color-name/download/color-name-1.1.3.tgz"
    integrity sha1-p9BVi9icQveV3UIyj3QIMcpTvCU=
  
  color-name@~1.1.4:
    version "1.1.4"
    resolved "https://registry.nlark.com/color-name/download/color-name-1.1.4.tgz"
    integrity sha1-wqCah6y95pVD3m9j+jmVyCbFNqI=
  
  commander@*:
    version "8.2.0"
    resolved "https://registry.nlark.com/commander/download/commander-8.2.0.tgz?cache=0&sync_timestamp=1631257318022&other_urls=https%3A%2F%2Fregistry.nlark.com%2Fcommander%2Fdownload%2Fcommander-8.2.0.tgz"
    integrity sha1-N/4r3jAdh9R6U63v+LWRXbE4HKg=
  
  concat-map@0.0.1:
    version "0.0.1"
    resolved "https://registry.nlark.com/concat-map/download/concat-map-0.0.1.tgz"
    integrity sha1-2Klr13/Wjfd5OnMDajug1UBdR3s=
  
  connect@^3.7.0:
    version "3.7.0"
    resolved "https://registry.nlark.com/connect/download/connect-3.7.0.tgz"
    integrity sha1-XUk0iRDKpeB6AYALAw0MNfIEhPg=
    dependencies:
      debug "2.6.9"
      finalhandler "1.1.2"
      parseurl "~1.3.3"
      utils-merge "1.0.1"
  
  convert-source-map@^1.7.0:
    version "1.8.0"
    resolved "https://registry.nlark.com/convert-source-map/download/convert-source-map-1.8.0.tgz"
    integrity sha1-8zc8MtIbTXgN2ABFFGhPt5HKQ2k=
    dependencies:
      safe-buffer "~5.1.1"
  
  cosmiconfig@^7.0.1:
    version "7.0.1"
    resolved "https://registry.npmjs.org/cosmiconfig/-/cosmiconfig-7.0.1.tgz"
    integrity sha512-a1YWNUV2HwGimB7dU2s1wUMurNKjpx60HxBB6xUM8Re+2s1g1IIfJvFR0/iCF+XHdE0GMTKTuLR32UQff4TEyQ==
    dependencies:
      "@types/parse-json" "^4.0.0"
      import-fresh "^3.2.1"
      parse-json "^5.0.0"
      path-type "^4.0.0"
      yaml "^1.10.0"
  
  cssesc@^3.0.0:
    version "3.0.0"
    resolved "https://registry.nlark.com/cssesc/download/cssesc-3.0.0.tgz"
    integrity sha1-N3QZGZA7hoVl4cCep0dEXNGJg+4=
  
  csstype@^2.6.8:
    version "2.6.18"
    resolved "https://registry.nlark.com/csstype/download/csstype-2.6.18.tgz?cache=0&sync_timestamp=1631540708034&other_urls=https%3A%2F%2Fregistry.nlark.com%2Fcsstype%2Fdownload%2Fcsstype-2.6.18.tgz"
    integrity sha1-mAqLUwhfNK8xNBCvBk8r0kF4Qhg=
  
  dayjs@^1.10.7:
    version "1.10.7"
    resolved "https://registry.nlark.com/dayjs/download/dayjs-1.10.7.tgz"
    integrity sha1-LPX5Gt0oEWdIRAhmoKHSbzps5Gg=
  
  debug@2.6.9:
    version "2.6.9"
    resolved "https://registry.nlark.com/debug/download/debug-2.6.9.tgz?cache=0&other_urls=https%3A%2F%2Fregistry.nlark.com%2Fdebug%2Fdownload%2Fdebug-2.6.9.tgz"
    integrity sha1-XRKFFd8TT/Mn6QpMk/Tgd6U2NB8=
    dependencies:
      ms "2.0.0"
  
  debug@^4.1.0, debug@^4.3.2:
    version "4.3.2"
    resolved "https://registry.nlark.com/debug/download/debug-4.3.2.tgz?cache=0&other_urls=https%3A%2F%2Fregistry.nlark.com%2Fdebug%2Fdownload%2Fdebug-4.3.2.tgz"
    integrity sha1-8KScGKyHeeMdSgxgKd+3aHPHQos=
    dependencies:
      ms "2.1.2"
  
  decamelize-keys@^1.1.0:
    version "1.1.0"
    resolved "https://registry.nlark.com/decamelize-keys/download/decamelize-keys-1.1.0.tgz"
    integrity sha1-0XGoeTMlKAfrPLYdwcFEXQeN8tk=
    dependencies:
      decamelize "^1.1.0"
      map-obj "^1.0.0"
  
  decamelize@^1.1.0, decamelize@^1.2.0:
    version "1.2.0"
    resolved "https://registry.npmmirror.com/decamelize/download/decamelize-1.2.0.tgz?cache=0&sync_timestamp=1633055713394&other_urls=https%3A%2F%2Fregistry.npmmirror.com%2Fdecamelize%2Fdownload%2Fdecamelize-1.2.0.tgz"
    integrity sha1-9lNNFRSCabIDUue+4m9QH5oZEpA=
  
  deepmerge@^4.2.2:
    version "4.2.2"
    resolved "https://registry.nlark.com/deepmerge/download/deepmerge-4.2.2.tgz?cache=0&sync_timestamp=1622025358084&other_urls=https%3A%2F%2Fregistry.nlark.com%2Fdeepmerge%2Fdownload%2Fdeepmerge-4.2.2.tgz"
    integrity sha1-RNLqNnm49NT/ujPwPYZfwee/SVU=
  
  dir-glob@^3.0.1:
    version "3.0.1"
    resolved "https://registry.nlark.com/dir-glob/download/dir-glob-3.0.1.tgz"
    integrity sha1-Vtv3PZkqSpO6FYT0U0Bj/S5BcX8=
    dependencies:
      path-type "^4.0.0"
  
  dom-serializer@^1.0.1:
    version "1.3.2"
    resolved "https://registry.npmjs.org/dom-serializer/-/dom-serializer-1.3.2.tgz"
    integrity sha512-5c54Bk5Dw4qAxNOI1pFEizPSjVsx5+bpJKmL2kPn8JhBUq2q09tTCa3mjijun2NfK78NMouDYNMBkOrPZiS+ig==
    dependencies:
      domelementtype "^2.0.1"
      domhandler "^4.2.0"
      entities "^2.0.0"
  
  domelementtype@^2.0.1, domelementtype@^2.2.0:
    version "2.2.0"
    resolved "https://registry.npmjs.org/domelementtype/-/domelementtype-2.2.0.tgz"
    integrity sha512-DtBMo82pv1dFtUmHyr48beiuq792Sxohr+8Hm9zoxklYPfa6n0Z3Byjj2IV7bmr2IyqClnqEQhfgHJJ5QF0R5A==
  
  domhandler@^4.2.0, domhandler@^4.2.2:
    version "4.2.2"
    resolved "https://registry.npmjs.org/domhandler/-/domhandler-4.2.2.tgz"
    integrity sha512-PzE9aBMsdZO8TK4BnuJwH0QT41wgMbRzuZrHUcpYncEjmQazq8QEaBWgLG7ZyC/DAZKEgglpIA6j4Qn/HmxS3w==
    dependencies:
      domelementtype "^2.2.0"
  
  domutils@^2.8.0:
    version "2.8.0"
    resolved "https://registry.npmjs.org/domutils/-/domutils-2.8.0.tgz"
    integrity sha512-w96Cjofp72M5IIhpjgobBimYEfoPjx1Vx0BSX9P30WBdZW2WIKU0T1Bd0kz2eNZ9ikjKgHbEyKx8BB6H1L3h3A==
    dependencies:
      dom-serializer "^1.0.1"
      domelementtype "^2.2.0"
      domhandler "^4.2.0"
  
  echarts@^5.2.2:
    version "5.2.2"
    resolved "https://registry.npmjs.org/echarts/-/echarts-5.2.2.tgz"
    integrity sha512-yxuBfeIH5c+0FsoRP60w4De6omXhA06c7eUYBsC1ykB6Ys2yK5fSteIYWvkJ4xJVLQgCvAdO8C4mN6MLeJpBaw==
    dependencies:
      tslib "2.3.0"
      zrender "5.2.1"
  
  ee-first@1.1.1:
    version "1.1.1"
    resolved "https://registry.nlark.com/ee-first/download/ee-first-1.1.1.tgz"
    integrity sha1-WQxhFWsK4vTwJVcyoViyZrxWsh0=
  
  electron-to-chromium@^1.3.867:
    version "1.3.871"
    resolved "https://registry.npmmirror.com/electron-to-chromium/download/electron-to-chromium-1.3.871.tgz?cache=0&sync_timestamp=1634335562373&other_urls=https%3A%2F%2Fregistry.npmmirror.com%2Felectron-to-chromium%2Fdownload%2Felectron-to-chromium-1.3.871.tgz"
    integrity sha1-boc2X9cgN6bImPtGBQrUvjrJ72I=
  
  element-plus@1.1.0-beta.20:
    version "1.1.0-beta.20"
    resolved "https://registry.npmjs.org/element-plus/-/element-plus-1.1.0-beta.20.tgz"
    integrity sha512-5rBrLzfKGz4urSxqKi1tihylyotSswMCKdXpCAJAfRggMjtS1NfqVtrCYEPdjphmP2JHsj8TisDvbRTScRKF0Q==
    dependencies:
      "@popperjs/core" "^2.10.1"
      "@vueuse/core" "~6.1.0"
      async-validator "^4.0.3"
      dayjs "^1.10.7"
      lodash "^4.17.21"
      memoize-one "^5.2.1"
      normalize-wheel-es "^1.1.0"
      resize-observer-polyfill "^1.5.1"
  
  emoji-regex@^8.0.0:
    version "8.0.0"
    resolved "https://registry.npmmirror.com/emoji-regex/download/emoji-regex-8.0.0.tgz?cache=0&sync_timestamp=1632751408145&other_urls=https%3A%2F%2Fregistry.npmmirror.com%2Femoji-regex%2Fdownload%2Femoji-regex-8.0.0.tgz"
    integrity sha1-6Bj9ac5cz8tARZT4QpY79TFkzDc=
  
  encodeurl@~1.0.2:
    version "1.0.2"
    resolved "https://registry.nlark.com/encodeurl/download/encodeurl-1.0.2.tgz"
    integrity sha1-rT/0yG7C0CkyL1oCw6mmBslbP1k=
  
  entities@^2.0.0:
    version "2.2.0"
    resolved "https://registry.npmjs.org/entities/-/entities-2.2.0.tgz"
    integrity sha512-p92if5Nz619I0w+akJrLZH0MX0Pb5DX39XOwQTtXSdQQOaYH03S1uIQp4mhOZtAXrxq4ViO67YTiLBo2638o9A==
  
  entities@^3.0.1:
    version "3.0.1"
    resolved "https://registry.npmjs.org/entities/-/entities-3.0.1.tgz"
    integrity sha512-WiyBqoomrwMdFG1e0kqvASYfnlb0lp8M5o5Fw2OFq1hNZxxcNk8Ik0Xm7LxzBhuidnZB/UtBqVCgUz3kBOP51Q==
  
  error-ex@^1.3.1:
    version "1.3.2"
    resolved "https://registry.npm.taobao.org/error-ex/download/error-ex-1.3.2.tgz"
    integrity sha1-tKxAZIEH/c3PriQvQovqihTU8b8=
    dependencies:
      is-arrayish "^0.2.1"
  
  esbuild-android-arm64@0.13.7:
    version "0.13.7"
    resolved "https://registry.yarnpkg.com/esbuild-android-arm64/-/esbuild-android-arm64-0.13.7.tgz#528886c36968aa6ab6496392d419654dda88f092"
    integrity sha512-yqCTKzmm3jiUXgi0yeKhvwZCZTqClUXwwMRAntcM9u/xvXhmpw0V0Z4qDEpnkmF2NCMzmJRH+DAAQ5whuf3CYA==
  
  esbuild-darwin-64@0.13.7:
    version "0.13.7"
    resolved "https://registry.yarnpkg.com/esbuild-darwin-64/-/esbuild-darwin-64-0.13.7.tgz#32cf420d43ca448e7741a90d0d4c6dc5385969da"
    integrity sha512-MvsgMUWzq5FxoeJLSavw3rgQbaC55A8QTI1U2/8MWamtAeDKyzWQnglcsF0/TkjGLaKEqS0ZLo8akJ8q34BCtw==
  
  esbuild-darwin-arm64@0.13.7:
    version "0.13.7"
    resolved "https://registry.yarnpkg.com/esbuild-darwin-arm64/-/esbuild-darwin-arm64-0.13.7.tgz#c80f0b62c8ae4710b17090f507037aeae73e9016"
    integrity sha512-tuP+dpIzXj17UC17VkHFDAH5nB7MajJK7sF8Fz4iVo8cml8YXj3MeNtjjLmx9YFvPs4XW3hFw1eqZJ06h2ssIA==
  
  esbuild-freebsd-64@0.13.7:
    version "0.13.7"
    resolved "https://registry.yarnpkg.com/esbuild-freebsd-64/-/esbuild-freebsd-64-0.13.7.tgz#0b826a9655446c0d0a01a4a996d450e5cb0e033a"
    integrity sha512-p07TrpkCJJyAXXCXFm2IpAvyASUTcuT0OF43riEsgjuRJmtaNBOUENecr2B2k/zd9wkGz6UyxxtnFntaBttkDg==
  
  esbuild-freebsd-arm64@0.13.7:
    version "0.13.7"
    resolved "https://registry.yarnpkg.com/esbuild-freebsd-arm64/-/esbuild-freebsd-arm64-0.13.7.tgz#f9c980ce7e71e6702f82706a6244959eba2b80dc"
    integrity sha512-MCtfBRkE1GwAnjVoWPYoZ+S/+zanzWxAJVER1/8jmWobCXJG0w+YM2IXQ2fN4T9U96RusFWQDMJVoACnqhIAzg==
  
  esbuild-linux-32@0.13.7:
    version "0.13.7"
    resolved "https://registry.yarnpkg.com/esbuild-linux-32/-/esbuild-linux-32-0.13.7.tgz#3d9d704452ed13da20771537bf30f695b9f80327"
    integrity sha512-HM4d16XbqToo93LPrgzkiLgX3Xgr9Mw67tEM8vjhHDx18JnaZqPdIsl5ZfCqRGHlLUq+GdFKl6+dH7WlsiWMCA==
  
  esbuild-linux-64@0.13.7:
    version "0.13.7"
    resolved "https://registry.yarnpkg.com/esbuild-linux-64/-/esbuild-linux-64-0.13.7.tgz#ce5c7b964990fdb2713ce816f0a24ffffd96942c"
    integrity sha512-krgiIEyqcS0kfTjptGEQzdYwiEmmqpmiZHlKqZILVuU5BaIVWCBMmVx20HH9waJw1yT0Ao4fZTZ9kg8s/pKAYA==
  
  esbuild-linux-arm64@0.13.7:
    version "0.13.7"
    resolved "https://registry.yarnpkg.com/esbuild-linux-arm64/-/esbuild-linux-arm64-0.13.7.tgz#53a53f43669ef705c925bf275491d507cb77b06b"
    integrity sha512-aM2BUTdbtzEUOuLqDusGCuWQRqc0JazgbA/6+Q9xhUgNLHGUMAsu4C5G0qPnJCTlWGZX+bcQYma6wFVEp9ibBg==
  
  esbuild-linux-arm@0.13.7:
    version "0.13.7"
    resolved "https://registry.yarnpkg.com/esbuild-linux-arm/-/esbuild-linux-arm-0.13.7.tgz#3372ea117517aa3194ed1622305ab76bf2550b1d"
    integrity sha512-GOAt1brGG14mmQx2sRD3wHi3rih94OzhmDRVyo7JvlSmWOfEczPf7zL7YfmgjuktvvuLTERtTJzaih7nyCwPOg==
  
  esbuild-linux-mips64le@0.13.7:
    version "0.13.7"
    resolved "https://registry.yarnpkg.com/esbuild-linux-mips64le/-/esbuild-linux-mips64le-0.13.7.tgz#c431291deecb949a4cdbbab0bc01b6b4a962104a"
    integrity sha512-+UJq6cxpc2ldaQFdpEDrBhqhluXsqCNlWiHccIjq25r+3YbFg0c/RJEypoVU7tjhGXUGWyWWQ7SLkzHYpf+Nsg==
  
  esbuild-linux-ppc64le@0.13.7:
    version "0.13.7"
    resolved "https://registry.yarnpkg.com/esbuild-linux-ppc64le/-/esbuild-linux-ppc64le-0.13.7.tgz#d47b2322ac1ad61669045d5f95181d4f0d9744d2"
    integrity sha512-6zwpliO4ZZtodDYM1JJEmSMpkd07I8bnNOKoHe7TOs9VhylXJooHh5ObSbSvk3FxCBs+jL5bxb24p10/Cg4RGw==
  
  esbuild-netbsd-64@0.13.7:
    version "0.13.7"
    resolved "https://registry.yarnpkg.com/esbuild-netbsd-64/-/esbuild-netbsd-64-0.13.7.tgz#9c9fed5dfc2f3656de024496f10928368a29ea10"
    integrity sha512-CfTHeTfJWlwjgfpApXYvECytLD6BzTWovLE0+28KT7bjU5fM4ieDYzRvjWjFAOB2X6DWpaoQnJAlhJirQBW0EQ==
  
  esbuild-openbsd-64@0.13.7:
    version "0.13.7"
    resolved "https://registry.yarnpkg.com/esbuild-openbsd-64/-/esbuild-openbsd-64-0.13.7.tgz#fc039ce363b0ad5617a82dc9d312fccebd950070"
    integrity sha512-qfW+f0MQfl72zVwgbV00I1kAP2zty+N031cNnQINcBmzHOSbEbaBQbUM0kawq+wdfgS/Xmppgf7nD1H8GWAvow==
  
  esbuild-sunos-64@0.13.7:
    version "0.13.7"
    resolved "https://registry.yarnpkg.com/esbuild-sunos-64/-/esbuild-sunos-64-0.13.7.tgz#ad85a2f2cd38b6e920f2ad07ebc134cdba92e26d"
    integrity sha512-fVRM9mV0wAYLt92IqzudxACMLJZRQFx1oJsNeU4fPFmUxIkYE4C7G7z9vqI2eu9bpDo1fA+3+5djo/T/28Mckg==
  
  esbuild-windows-32@0.13.7:
    version "0.13.7"
    resolved "https://registry.yarnpkg.com/esbuild-windows-32/-/esbuild-windows-32-0.13.7.tgz#146b416c5172a2c252ce29f899c0c8f1a20eac50"
    integrity sha512-v3csjeQtlHHWS1q/tE9rTRCSSU/fGvJVh1l7gkS93ysAaIMeC0j9Q0h2PxFpQ6yxuwftuDYfQdnkVGcqjkKM8A==
  
  esbuild-windows-64@0.13.7:
    version "0.13.7"
    resolved "https://registry.npmmirror.com/esbuild-windows-64/download/esbuild-windows-64-0.13.7.tgz"
    integrity sha1-nq/64iBCY6ezUxPqUaam5aXgu0g=
  
  esbuild-windows-arm64@0.13.7:
    version "0.13.7"
    resolved "https://registry.yarnpkg.com/esbuild-windows-arm64/-/esbuild-windows-arm64-0.13.7.tgz#6937647f05528248b1634027d839ae81ffdde8c2"
    integrity sha512-0Fp+IeG5qWLCK+U6d8L9/SnXkI6f3JMtauSQ8HHzw3Fl0pZ+VImUAUWZ3g2fhthNqp+t8dB3n238CJD6XBn15w==
  
  esbuild@0.11.3:
    version "0.11.3"
    resolved "https://registry.npmmirror.com/esbuild/download/esbuild-0.11.3.tgz"
    integrity sha1-tXFluQe+T/umUfZFBTjOjYwdXrA=
  
  esbuild@^0.13.2:
    version "0.13.7"
    resolved "https://registry.npmmirror.com/esbuild/download/esbuild-0.13.7.tgz"
    integrity sha1-7m4E2jwMo081oF3qZJyqSGhskvs=
    optionalDependencies:
      esbuild-android-arm64 "0.13.7"
      esbuild-darwin-64 "0.13.7"
      esbuild-darwin-arm64 "0.13.7"
      esbuild-freebsd-64 "0.13.7"
      esbuild-freebsd-arm64 "0.13.7"
      esbuild-linux-32 "0.13.7"
      esbuild-linux-64 "0.13.7"
      esbuild-linux-arm "0.13.7"
      esbuild-linux-arm64 "0.13.7"
      esbuild-linux-mips64le "0.13.7"
      esbuild-linux-ppc64le "0.13.7"
      esbuild-netbsd-64 "0.13.7"
      esbuild-openbsd-64 "0.13.7"
      esbuild-sunos-64 "0.13.7"
      esbuild-windows-32 "0.13.7"
      esbuild-windows-64 "0.13.7"
      esbuild-windows-arm64 "0.13.7"
  
  escalade@^3.1.1:
    version "3.1.1"
    resolved "https://registry.npm.taobao.org/escalade/download/escalade-3.1.1.tgz"
    integrity sha1-2M/ccACWXFoBdLSoLqpcBVJ0LkA=
  
  escape-html@~1.0.3:
    version "1.0.3"
    resolved "https://registry.nlark.com/escape-html/download/escape-html-1.0.3.tgz"
    integrity sha1-Aljq5NPQwJdN4cFpGI7wBR0dGYg=
  
  escape-string-regexp@^1.0.5:
    version "1.0.5"
    resolved "https://registry.nlark.com/escape-string-regexp/download/escape-string-regexp-1.0.5.tgz"
    integrity sha1-G2HAViGQqN/2rjuyzwIAyhMLhtQ=
  
  estree-walker@^1.0.1:
    version "1.0.1"
    resolved "https://registry.nlark.com/estree-walker/download/estree-walker-1.0.1.tgz"
    integrity sha1-MbxdYSyWtwQQa0d+bdXYqhOMtwA=
  
  estree-walker@^2.0.1, estree-walker@^2.0.2:
    version "2.0.2"
    resolved "https://registry.nlark.com/estree-walker/download/estree-walker-2.0.2.tgz"
    integrity sha1-UvAQF4wqTBF6d1fP6UKtt9LaTKw=
  
  execall@^2.0.0:
    version "2.0.0"
    resolved "https://registry.npmmirror.com/execall/download/execall-2.0.0.tgz"
    integrity sha1-FqBrX+UJnffQC+XZwG7s3tFmO0U=
    dependencies:
      clone-regexp "^2.1.0"
  
  fast-deep-equal@^3.1.1:
    version "3.1.3"
    resolved "https://registry.nlark.com/fast-deep-equal/download/fast-deep-equal-3.1.3.tgz"
    integrity sha1-On1WtVnWy8PrUSMlJE5hmmXGxSU=
  
  fast-glob@^3.1.1, fast-glob@^3.2.7:
    version "3.2.7"
    resolved "https://registry.nlark.com/fast-glob/download/fast-glob-3.2.7.tgz?cache=0&sync_timestamp=1625772641246&other_urls=https%3A%2F%2Fregistry.nlark.com%2Ffast-glob%2Fdownload%2Ffast-glob-3.2.7.tgz"
    integrity sha1-/Wy3otfpqnp4RhEehaGW1rL3ZqE=
    dependencies:
      "@nodelib/fs.stat" "^2.0.2"
      "@nodelib/fs.walk" "^1.2.3"
      glob-parent "^5.1.2"
      merge2 "^1.3.0"
      micromatch "^4.0.4"
  
  fastest-levenshtein@^1.0.12:
    version "1.0.12"
    resolved "https://registry.nlark.com/fastest-levenshtein/download/fastest-levenshtein-1.0.12.tgz"
    integrity sha1-mZD306iMxan/0fF0V0UlFwDUl+I=
  
  fastq@^1.6.0:
    version "1.13.0"
    resolved "https://registry.nlark.com/fastq/download/fastq-1.13.0.tgz?cache=0&sync_timestamp=1631609754569&other_urls=https%3A%2F%2Fregistry.nlark.com%2Ffastq%2Fdownload%2Ffastq-1.13.0.tgz"
    integrity sha1-YWdg+Ip1Jr38WWt8q4wYk4w2uYw=
    dependencies:
      reusify "^1.0.4"
  
  file-entry-cache@^6.0.1:
    version "6.0.1"
    resolved "https://registry.nlark.com/file-entry-cache/download/file-entry-cache-6.0.1.tgz"
    integrity sha1-IRst2WWcsDlLBz5zI6w8kz1SICc=
    dependencies:
      flat-cache "^3.0.4"
  
  fill-range@^7.0.1:
    version "7.0.1"
    resolved "https://registry.nlark.com/fill-range/download/fill-range-7.0.1.tgz"
    integrity sha1-GRmmp8df44ssfHflGYU12prN2kA=
    dependencies:
      to-regex-range "^5.0.1"
  
  finalhandler@1.1.2:
    version "1.1.2"
    resolved "https://registry.nlark.com/finalhandler/download/finalhandler-1.1.2.tgz"
    integrity sha1-t+fQAP/RGTjQ/bBTUG9uur6fWH0=
    dependencies:
      debug "2.6.9"
      encodeurl "~1.0.2"
      escape-html "~1.0.3"
      on-finished "~2.3.0"
      parseurl "~1.3.3"
      statuses "~1.5.0"
      unpipe "~1.0.0"
  
  find-up@^4.1.0:
    version "4.1.0"
    resolved "https://registry.npmmirror.com/find-up/download/find-up-4.1.0.tgz?cache=0&sync_timestamp=1633618703174&other_urls=https%3A%2F%2Fregistry.npmmirror.com%2Ffind-up%2Fdownload%2Ffind-up-4.1.0.tgz"
    integrity sha1-l6/n1s3AvFkoWEt8jXsW6KmqXRk=
    dependencies:
      locate-path "^5.0.0"
      path-exists "^4.0.0"
  
  flat-cache@^3.0.4:
    version "3.0.4"
    resolved "https://registry.npm.taobao.org/flat-cache/download/flat-cache-3.0.4.tgz?cache=0&sync_timestamp=1604831825098&other_urls=https%3A%2F%2Fregistry.npm.taobao.org%2Fflat-cache%2Fdownload%2Fflat-cache-3.0.4.tgz"
    integrity sha1-YbAzgwKy/p+Vfcwy/CqH8cMEixE=
    dependencies:
      flatted "^3.1.0"
      rimraf "^3.0.2"
  
  flatted@^3.1.0:
    version "3.2.2"
    resolved "https://registry.nlark.com/flatted/download/flatted-3.2.2.tgz?cache=0&sync_timestamp=1627541049935&other_urls=https%3A%2F%2Fregistry.nlark.com%2Fflatted%2Fdownload%2Fflatted-3.2.2.tgz"
    integrity sha1-ZL/tXLaP48p4s+shStl7Y77c5WE=
  
  follow-redirects@^1.14.4:
    version "1.14.4"
    resolved "https://registry.nlark.com/follow-redirects/download/follow-redirects-1.14.4.tgz"
    integrity sha1-g4/fSKi73XnlLuUfsclOPtmLk3k=
  
  fs.realpath@^1.0.0:
    version "1.0.0"
    resolved "https://registry.nlark.com/fs.realpath/download/fs.realpath-1.0.0.tgz"
    integrity sha1-FQStJSMVjKpA20onh8sBQRmU6k8=
  
  fsevents@~2.3.2:
    version "2.3.2"
    resolved "https://registry.yarnpkg.com/fsevents/-/fsevents-2.3.2.tgz#8a526f78b8fdf4623b709e0b975c52c24c02fd1a"
    integrity sha512-xiqMQR4xAeHTuB9uWm+fFRcIOgKBMiOBP+eXiyT7jsgVCq1bkVygt00oASowB7EdtpOHaaPgKt812P9ab+DDKA==
  
  function-bind@^1.1.1:
    version "1.1.1"
    resolved "https://registry.nlark.com/function-bind/download/function-bind-1.1.1.tgz"
    integrity sha1-pWiZ0+o8m6uHS7l3O3xe3pL0iV0=
  
  gensync@^1.0.0-beta.2:
    version "1.0.0-beta.2"
    resolved "https://registry.nlark.com/gensync/download/gensync-1.0.0-beta.2.tgz"
    integrity sha1-MqbudsPX9S1GsrGuXZP+qFgKJeA=
  
  get-stdin@^8.0.0:
    version "8.0.0"
    resolved "https://registry.nlark.com/get-stdin/download/get-stdin-8.0.0.tgz"
    integrity sha1-y61qc/63X27rIrqeAfiaooqpelM=
  
  glob-parent@^5.1.2, glob-parent@~5.1.2:
    version "5.1.2"
    resolved "https://registry.npmmirror.com/glob-parent/download/glob-parent-5.1.2.tgz"
    integrity sha1-hpgyxYA0/mikCTwX3BXoNA2EAcQ=
    dependencies:
      is-glob "^4.0.1"
  
  glob@^7.1.3:
    version "7.2.0"
    resolved "https://registry.npmmirror.com/glob/download/glob-7.2.0.tgz"
    integrity sha1-0VU1r3cy4C6Uj0xBYovZECk/YCM=
    dependencies:
      fs.realpath "^1.0.0"
      inflight "^1.0.4"
      inherits "2"
      minimatch "^3.0.4"
      once "^1.3.0"
      path-is-absolute "^1.0.0"
  
  global-modules@^2.0.0:
    version "2.0.0"
    resolved "https://registry.nlark.com/global-modules/download/global-modules-2.0.0.tgz"
    integrity sha1-mXYFrSNF8n9RU5vqJldEISFcd4A=
    dependencies:
      global-prefix "^3.0.0"
  
  global-prefix@^3.0.0:
    version "3.0.0"
    resolved "https://registry.nlark.com/global-prefix/download/global-prefix-3.0.0.tgz"
    integrity sha1-/IX3MGTfafUEIfR/iD/luRO6m5c=
    dependencies:
      ini "^1.3.5"
      kind-of "^6.0.2"
      which "^1.3.1"
  
  globals@^11.1.0:
    version "11.12.0"
    resolved "https://registry.nlark.com/globals/download/globals-11.12.0.tgz"
    integrity sha1-q4eVM4hooLq9hSV1gBjCp+uVxC4=
  
  globby@^11.0.4:
    version "11.0.4"
    resolved "https://registry.npmjs.org/globby/-/globby-11.0.4.tgz"
    integrity sha512-9O4MVG9ioZJ08ffbcyVYyLOJLk5JQ688pJ4eMGLpdWLHq/Wr1D9BlriLQyL0E+jbkuePVZXYFj47QM/v093wHg==
    dependencies:
      array-union "^2.1.0"
      dir-glob "^3.0.1"
      fast-glob "^3.1.1"
      ignore "^5.1.4"
      merge2 "^1.3.0"
      slash "^3.0.0"
  
  globjoin@^0.1.4:
    version "0.1.4"
    resolved "https://registry.nlark.com/globjoin/download/globjoin-0.1.4.tgz"
    integrity sha1-L0SUrIkZ43Z8XLtpHp9GMyQoXUM=
  
  hard-rejection@^2.1.0:
    version "2.1.0"
    resolved "https://registry.nlark.com/hard-rejection/download/hard-rejection-2.1.0.tgz"
    integrity sha1-HG7aXBaFxjlCdm15u0Cudzzs2IM=
  
  has-flag@^3.0.0:
    version "3.0.0"
    resolved "https://registry.nlark.com/has-flag/download/has-flag-3.0.0.tgz"
    integrity sha1-tdRU3CGZriJWmfNGfloH87lVuv0=
  
  has-flag@^4.0.0:
    version "4.0.0"
    resolved "https://registry.nlark.com/has-flag/download/has-flag-4.0.0.tgz"
    integrity sha1-lEdx/ZyByBJlxNaUGGDaBrtZR5s=
  
  has@^1.0.3:
    version "1.0.3"
    resolved "https://registry.nlark.com/has/download/has-1.0.3.tgz"
    integrity sha1-ci18v8H2qoJB8W3YFOAR4fQeh5Y=
    dependencies:
      function-bind "^1.1.1"
  
  hash-sum@^2.0.0:
    version "2.0.0"
    resolved "https://registry.nlark.com/hash-sum/download/hash-sum-2.0.0.tgz"
    integrity sha1-gdAbtd6OpKIUrV1urRtSNGCwtFo=
  
  hosted-git-info@^2.1.4:
    version "2.8.9"
    resolved "https://registry.nlark.com/hosted-git-info/download/hosted-git-info-2.8.9.tgz?cache=0&sync_timestamp=1621254855802&other_urls=https%3A%2F%2Fregistry.nlark.com%2Fhosted-git-info%2Fdownload%2Fhosted-git-info-2.8.9.tgz"
    integrity sha1-3/wL+aIcAiCQkPKqaUKeFBTa8/k=
  
  hosted-git-info@^4.0.1:
    version "4.0.2"
    resolved "https://registry.nlark.com/hosted-git-info/download/hosted-git-info-4.0.2.tgz?cache=0&sync_timestamp=1621254855802&other_urls=https%3A%2F%2Fregistry.nlark.com%2Fhosted-git-info%2Fdownload%2Fhosted-git-info-4.0.2.tgz"
    integrity sha1-XkJVB+7eT+qEa3Ji8IOEVsQgmWE=
    dependencies:
      lru-cache "^6.0.0"
  
  html-tags@^3.1.0:
    version "3.1.0"
    resolved "https://registry.nlark.com/html-tags/download/html-tags-3.1.0.tgz"
    integrity sha1-e15vfmZen7QfMAB+2eDUHpf7IUA=
  
  htmlparser2@^7.1.2:
    version "7.2.0"
    resolved "https://registry.npmjs.org/htmlparser2/-/htmlparser2-7.2.0.tgz"
    integrity sha512-H7MImA4MS6cw7nbyURtLPO1Tms7C5H602LRETv95z1MxO/7CP7rDVROehUYeYBUYEON94NXXDEPmZuq+hX4sog==
    dependencies:
      domelementtype "^2.0.1"
      domhandler "^4.2.2"
      domutils "^2.8.0"
      entities "^3.0.1"
  
  ignore@^5.1.4:
    version "5.1.8"
    resolved "https://registry.nlark.com/ignore/download/ignore-5.1.8.tgz"
    integrity sha1-8VCotQo0KJsz4i9YiavU2AFvDlc=
  
  ignore@^5.1.9:
    version "5.1.9"
    resolved "https://registry.npmjs.org/ignore/-/ignore-5.1.9.tgz"
    integrity sha512-2zeMQpbKz5dhZ9IwL0gbxSW5w0NK/MSAMtNuhgIHEPmaU3vPdKPL0UdvUCXs5SS4JAwsBxysK5sFMW8ocFiVjQ==
  
  import-fresh@^3.2.1:
    version "3.3.0"
    resolved "https://registry.npm.taobao.org/import-fresh/download/import-fresh-3.3.0.tgz?cache=0&sync_timestamp=1608469520474&other_urls=https%3A%2F%2Fregistry.npm.taobao.org%2Fimport-fresh%2Fdownload%2Fimport-fresh-3.3.0.tgz"
    integrity sha1-NxYsJfy566oublPVtNiM4X2eDCs=
    dependencies:
      parent-module "^1.0.0"
      resolve-from "^4.0.0"
  
  import-lazy@^4.0.0:
    version "4.0.0"
    resolved "https://registry.nlark.com/import-lazy/download/import-lazy-4.0.0.tgz"
    integrity sha1-6OtidIOgpD2jwD8+NVSL5csMwVM=
  
  imurmurhash@^0.1.4:
    version "0.1.4"
    resolved "https://registry.nlark.com/imurmurhash/download/imurmurhash-0.1.4.tgz"
    integrity sha1-khi5srkoojixPcT7a21XbyMUU+o=
  
  indent-string@^4.0.0:
    version "4.0.0"
    resolved "https://registry.nlark.com/indent-string/download/indent-string-4.0.0.tgz"
    integrity sha1-Yk+PRJfWGbLZdoUx1Y9BIoVNclE=
  
  inflight@^1.0.4:
    version "1.0.6"
    resolved "https://registry.nlark.com/inflight/download/inflight-1.0.6.tgz"
    integrity sha1-Sb1jMdfQLQwJvJEKEHW6gWW1bfk=
    dependencies:
      once "^1.3.0"
      wrappy "1"
  
  inherits@2:
    version "2.0.4"
    resolved "https://registry.nlark.com/inherits/download/inherits-2.0.4.tgz"
    integrity sha1-D6LGT5MpF8NDOg3tVTY6rjdBa3w=
  
  ini@^1.3.5:
    version "1.3.8"
    resolved "https://registry.nlark.com/ini/download/ini-1.3.8.tgz"
    integrity sha1-op2kJbSIBvNHZ6Tvzjlyaa8oQyw=
  
  is-arrayish@^0.2.1:
    version "0.2.1"
    resolved "https://registry.nlark.com/is-arrayish/download/is-arrayish-0.2.1.tgz"
    integrity sha1-d8mYQFJ6qOyxqLppe4BkWnqSap0=
  
  is-binary-path@~2.1.0:
    version "2.1.0"
    resolved "https://registry.nlark.com/is-binary-path/download/is-binary-path-2.1.0.tgz"
    integrity sha1-6h9/O4DwZCNug0cPhsCcJU+0Wwk=
    dependencies:
      binary-extensions "^2.0.0"
  
  is-core-module@^2.2.0, is-core-module@^2.5.0:
    version "2.8.0"
    resolved "https://registry.npmmirror.com/is-core-module/download/is-core-module-2.8.0.tgz?cache=0&sync_timestamp=1634236731601&other_urls=https%3A%2F%2Fregistry.npmmirror.com%2Fis-core-module%2Fdownload%2Fis-core-module-2.8.0.tgz"
    integrity sha1-AyEzbD0JJeSX/Zf12VyxFKXM1Ug=
    dependencies:
      has "^1.0.3"
  
  is-extglob@^2.1.1:
    version "2.1.1"
    resolved "https://registry.nlark.com/is-extglob/download/is-extglob-2.1.1.tgz"
    integrity sha1-qIwCU1eR8C7TfHahueqXc8gz+MI=
  
  is-fullwidth-code-point@^3.0.0:
    version "3.0.0"
    resolved "https://registry.nlark.com/is-fullwidth-code-point/download/is-fullwidth-code-point-3.0.0.tgz"
    integrity sha1-8Rb4Bk/pCz94RKOJl8C3UFEmnx0=
  
  is-glob@^4.0.1, is-glob@~4.0.1:
    version "4.0.3"
    resolved "https://registry.npmmirror.com/is-glob/download/is-glob-4.0.3.tgz"
    integrity sha1-ZPYeQsu7LuwgcanawLKLoeZdUIQ=
    dependencies:
      is-extglob "^2.1.1"
  
  is-module@^1.0.0:
    version "1.0.0"
    resolved "https://registry.nlark.com/is-module/download/is-module-1.0.0.tgz"
    integrity sha1-Mlj7afeMFNW4FdZkM2tM/7ZEFZE=
  
  is-number@^7.0.0:
    version "7.0.0"
    resolved "https://registry.nlark.com/is-number/download/is-number-7.0.0.tgz"
    integrity sha1-dTU0W4lnNNX4DE0GxQlVUnoU8Ss=
  
  is-plain-obj@^1.1.0:
    version "1.1.0"
    resolved "https://registry.npm.taobao.org/is-plain-obj/download/is-plain-obj-1.1.0.tgz?cache=0&sync_timestamp=1618600554597&other_urls=https%3A%2F%2Fregistry.npm.taobao.org%2Fis-plain-obj%2Fdownload%2Fis-plain-obj-1.1.0.tgz"
    integrity sha1-caUMhCnfync8kqOQpKA7OfzVHT4=
  
  is-plain-object@^5.0.0:
    version "5.0.0"
    resolved "https://registry.npmjs.org/is-plain-object/-/is-plain-object-5.0.0.tgz"
    integrity sha512-VRSzKkbMm5jMDoKLbltAkFQ5Qr7VDiTFGXxYFXXowVj387GeGNOCsOH6Msy00SGZ3Fp84b1Naa1psqgcCIEP5Q==
  
  is-regexp@^2.0.0:
    version "2.1.0"
    resolved "https://registry.nlark.com/is-regexp/download/is-regexp-2.1.0.tgz"
    integrity sha1-zXNKVoZOI7lWv058ZsOWpMCyLC0=
  
  is-typedarray@^1.0.0:
    version "1.0.0"
    resolved "https://registry.nlark.com/is-typedarray/download/is-typedarray-1.0.0.tgz"
    integrity sha1-5HnICFjfDBsR3dppQPlgEfzaSpo=
  
  isexe@^2.0.0:
    version "2.0.0"
    resolved "https://registry.nlark.com/isexe/download/isexe-2.0.0.tgz"
    integrity sha1-6PvzdNxVb/iUehDcsFctYz8s+hA=
  
  js-cookie@^3.0.1:
    version "3.0.1"
    resolved "https://registry.nlark.com/js-cookie/download/js-cookie-3.0.1.tgz"
    integrity sha1-njm0xsL1ZWNwjX0x9vXyGHOpJBQ=
  
  js-tokens@^4.0.0:
    version "4.0.0"
    resolved "https://registry.nlark.com/js-tokens/download/js-tokens-4.0.0.tgz"
    integrity sha1-GSA/tZmR35jjoocFDUZHzerzJJk=
  
  jsesc@^2.5.1:
    version "2.5.2"
    resolved "https://registry.nlark.com/jsesc/download/jsesc-2.5.2.tgz"
    integrity sha1-gFZNLkg9rPbo7yCWUKZ98/DCg6Q=
  
  json-parse-even-better-errors@^2.3.0:
    version "2.3.1"
    resolved "https://registry.npm.taobao.org/json-parse-even-better-errors/download/json-parse-even-better-errors-2.3.1.tgz"
    integrity sha1-fEeAWpQxmSjgV3dAXcEuH3pO4C0=
  
  json-schema-traverse@^1.0.0:
    version "1.0.0"
    resolved "https://registry.nlark.com/json-schema-traverse/download/json-schema-traverse-1.0.0.tgz"
    integrity sha1-rnvLNlard6c7pcSb9lTzjmtoYOI=
  
  json5@^2.1.2:
    version "2.2.0"
    resolved "https://registry.nlark.com/json5/download/json5-2.2.0.tgz"
    integrity sha1-Lf7+cgxrpSXZ69kJlQ8FFTFsiaM=
    dependencies:
      minimist "^1.2.5"
  
  kind-of@^6.0.2, kind-of@^6.0.3:
    version "6.0.3"
    resolved "https://registry.nlark.com/kind-of/download/kind-of-6.0.3.tgz"
    integrity sha1-B8BQNKbDSfoG4k+jWqdttFgM5N0=
  
  known-css-properties@^0.23.0:
    version "0.23.0"
    resolved "https://registry.npmjs.org/known-css-properties/-/known-css-properties-0.23.0.tgz"
    integrity sha512-h9ivI88e1lFNmTT4HovBN33Ysn0OIJG7IPG2mkpx2uniQXFWqo35QdiX7w0TovlUFXfW8aPFblP5/q0jlOr2sA==
  
  lines-and-columns@^1.1.6:
    version "1.1.6"
    resolved "https://registry.nlark.com/lines-and-columns/download/lines-and-columns-1.1.6.tgz"
    integrity sha1-HADHQ7QzzQpOgHWPe2SldEDZ/wA=
  
  locate-path@^5.0.0:
    version "5.0.0"
    resolved "https://registry.nlark.com/locate-path/download/locate-path-5.0.0.tgz"
    integrity sha1-Gvujlq/WdqbUJQTQpno6frn2KqA=
    dependencies:
      p-locate "^4.1.0"
  
  lodash.truncate@^4.4.2:
    version "4.4.2"
    resolved "https://registry.nlark.com/lodash.truncate/download/lodash.truncate-4.4.2.tgz"
    integrity sha1-WjUNoLERO4N+z//VgSy+WNbq4ZM=
  
  lodash@^4.17.15, lodash@^4.17.21:
    version "4.17.21"
    resolved "https://registry.nlark.com/lodash/download/lodash-4.17.21.tgz"
    integrity sha1-Z5WRxWTDv/quhFTPCz3zcMPWkRw=
  
  lru-cache@^6.0.0:
    version "6.0.0"
    resolved "https://registry.nlark.com/lru-cache/download/lru-cache-6.0.0.tgz"
    integrity sha1-bW/mVw69lqr5D8rR2vo7JWbbOpQ=
    dependencies:
      yallist "^4.0.0"
  
  magic-string@^0.25.7:
    version "0.25.7"
    resolved "https://registry.nlark.com/magic-string/download/magic-string-0.25.7.tgz"
    integrity sha1-P0l9b9NMZpxnmNy4IfLvMfVEUFE=
    dependencies:
      sourcemap-codec "^1.4.4"
  
  map-obj@^1.0.0:
    version "1.0.1"
    resolved "https://registry.nlark.com/map-obj/download/map-obj-1.0.1.tgz"
    integrity sha1-2TPOuSBdgr3PSIb2dCvcK03qFG0=
  
  map-obj@^4.0.0:
    version "4.3.0"
    resolved "https://registry.nlark.com/map-obj/download/map-obj-4.3.0.tgz"
    integrity sha1-kwT5Buk/qucIgNoQKp8d8OqLsFo=
  
  mathml-tag-names@^2.1.3:
    version "2.1.3"
    resolved "https://registry.nlark.com/mathml-tag-names/download/mathml-tag-names-2.1.3.tgz"
    integrity sha1-TdrdZzCOeAzxakdoWHjuJ7c2oKM=
  
  memoize-one@^5.2.1:
    version "5.2.1"
    resolved "https://registry.npmjs.org/memoize-one/-/memoize-one-5.2.1.tgz"
    integrity sha512-zYiwtZUcYyXKo/np96AGZAckk+FWWsUdJ3cHGGmld7+AhvcWmQyGCYUh1hc4Q/pkOhb65dQR/pqCyK0cOaHz4Q==
  
  meow@^9.0.0:
    version "9.0.0"
    resolved "https://registry.nlark.com/meow/download/meow-9.0.0.tgz?cache=0&sync_timestamp=1627560980063&other_urls=https%3A%2F%2Fregistry.nlark.com%2Fmeow%2Fdownload%2Fmeow-9.0.0.tgz"
    integrity sha1-zZUQvFysne59A8c+4fmtlZ9Oo2Q=
    dependencies:
      "@types/minimist" "^1.2.0"
      camelcase-keys "^6.2.2"
      decamelize "^1.2.0"
      decamelize-keys "^1.1.0"
      hard-rejection "^2.1.0"
      minimist-options "4.1.0"
      normalize-package-data "^3.0.0"
      read-pkg-up "^7.0.1"
      redent "^3.0.0"
      trim-newlines "^3.0.0"
      type-fest "^0.18.0"
      yargs-parser "^20.2.3"
  
  merge2@^1.3.0:
    version "1.4.1"
    resolved "https://registry.nlark.com/merge2/download/merge2-1.4.1.tgz"
    integrity sha1-Q2iJL4hekHRVpv19xVwMnUBJkK4=
  
  micromatch@^4.0.4:
    version "4.0.4"
    resolved "https://registry.nlark.com/micromatch/download/micromatch-4.0.4.tgz"
    integrity sha1-iW1Rnf6dsl/OlM63pQCRm/iB6/k=
    dependencies:
      braces "^3.0.1"
      picomatch "^2.2.3"
  
  min-indent@^1.0.0:
    version "1.0.1"
    resolved "https://registry.nlark.com/min-indent/download/min-indent-1.0.1.tgz"
    integrity sha1-pj9oFnOzBXH76LwlaGrnRu76mGk=
  
  minimatch@^3.0.4:
    version "3.0.4"
    resolved "https://registry.nlark.com/minimatch/download/minimatch-3.0.4.tgz"
    integrity sha1-UWbihkV/AzBgZL5Ul+jbsMPTIIM=
    dependencies:
      brace-expansion "^1.1.7"
  
  minimist-options@4.1.0:
    version "4.1.0"
    resolved "https://registry.nlark.com/minimist-options/download/minimist-options-4.1.0.tgz"
    integrity sha1-wGVXE8U6ii69d/+iR9NCxA8BBhk=
    dependencies:
      arrify "^1.0.1"
      is-plain-obj "^1.1.0"
      kind-of "^6.0.3"
  
  minimist@^1.2.5:
    version "1.2.5"
    resolved "https://registry.nlark.com/minimist/download/minimist-1.2.5.tgz"
    integrity sha1-Z9ZgFLZqaoqqDAg8X9WN9OTpdgI=
  
  mockjs@^1.1.0:
    version "1.1.0"
    resolved "https://registry.nlark.com/mockjs/download/mockjs-1.1.0.tgz"
    integrity sha1-5qDDeOkZBtuv8gkRzAJzs8fXWwY=
    dependencies:
      commander "*"
  
  ms@2.0.0:
    version "2.0.0"
    resolved "https://registry.npmmirror.com/ms/download/ms-2.0.0.tgz"
    integrity sha1-VgiurfwAvmwpAd9fmGF4jeDVl8g=
  
  ms@2.1.2:
    version "2.1.2"
    resolved "https://registry.npmmirror.com/ms/download/ms-2.1.2.tgz"
    integrity sha1-0J0fNXtEP0kzgqjrPM0YOHKuYAk=
  
  nanoid@^3.1.28, nanoid@^3.1.30:
    version "3.1.30"
    resolved "https://registry.npmmirror.com/nanoid/download/nanoid-3.1.30.tgz"
    integrity sha1-Y/k8xUjSoRPcXfvGO/oJ4rm2Q2I=
  
  node-releases@^2.0.0:
    version "2.0.0"
    resolved "https://registry.npmmirror.com/node-releases/download/node-releases-2.0.0.tgz?cache=0&sync_timestamp=1634124919232&other_urls=https%3A%2F%2Fregistry.npmmirror.com%2Fnode-releases%2Fdownload%2Fnode-releases-2.0.0.tgz"
    integrity sha1-Z9x0kDEAp96wRAN7ii5fRTuwVAA=
  
  normalize-package-data@^2.5.0:
    version "2.5.0"
    resolved "https://registry.nlark.com/normalize-package-data/download/normalize-package-data-2.5.0.tgz"
    integrity sha1-5m2xg4sgDB38IzIl0SyzZSDiNKg=
    dependencies:
      hosted-git-info "^2.1.4"
      resolve "^1.10.0"
      semver "2 || 3 || 4 || 5"
      validate-npm-package-license "^3.0.1"
  
  normalize-package-data@^3.0.0:
    version "3.0.3"
    resolved "https://registry.nlark.com/normalize-package-data/download/normalize-package-data-3.0.3.tgz"
    integrity sha1-28w+LaWVCaCYNCKITNFy7v36Ul4=
    dependencies:
      hosted-git-info "^4.0.1"
      is-core-module "^2.5.0"
      semver "^7.3.4"
      validate-npm-package-license "^3.0.1"
  
  normalize-path@^3.0.0, normalize-path@~3.0.0:
    version "3.0.0"
    resolved "https://registry.nlark.com/normalize-path/download/normalize-path-3.0.0.tgz"
    integrity sha1-Dc1p/yOhybEf0JeDFmRKA4ghamU=
  
  normalize-selector@^0.2.0:
    version "0.2.0"
    resolved "https://registry.nlark.com/normalize-selector/download/normalize-selector-0.2.0.tgz"
    integrity sha1-0LFF62kRicY6eNIB3E/bEpPvDAM=
  
  normalize-wheel-es@^1.1.0:
    version "1.1.0"
    resolved "https://registry.npmmirror.com/normalize-wheel-es/download/normalize-wheel-es-1.1.0.tgz"
    integrity sha1-2wF68d1dTGIiwHrji8IkBJ0lhh4=
  
  on-finished@~2.3.0:
    version "2.3.0"
    resolved "https://registry.nlark.com/on-finished/download/on-finished-2.3.0.tgz"
    integrity sha1-IPEzZIGwg811M3mSoWlxqi2QaUc=
    dependencies:
      ee-first "1.1.1"
  
  once@^1.3.0:
    version "1.4.0"
    resolved "https://registry.nlark.com/once/download/once-1.4.0.tgz"
    integrity sha1-WDsap3WWHUsROsF9nFC6753Xa9E=
    dependencies:
      wrappy "1"
  
  p-limit@^2.2.0:
    version "2.3.0"
    resolved "https://registry.nlark.com/p-limit/download/p-limit-2.3.0.tgz"
    integrity sha1-PdM8ZHohT9//2DWTPrCG2g3CHbE=
    dependencies:
      p-try "^2.0.0"
  
  p-locate@^4.1.0:
    version "4.1.0"
    resolved "https://registry.nlark.com/p-locate/download/p-locate-4.1.0.tgz?cache=0&sync_timestamp=1629892721671&other_urls=https%3A%2F%2Fregistry.nlark.com%2Fp-locate%2Fdownload%2Fp-locate-4.1.0.tgz"
    integrity sha1-o0KLtwiLOmApL2aRkni3wpetTwc=
    dependencies:
      p-limit "^2.2.0"
  
  p-try@^2.0.0:
    version "2.2.0"
    resolved "https://registry.npmmirror.com/p-try/download/p-try-2.2.0.tgz?cache=0&sync_timestamp=1633364462890&other_urls=https%3A%2F%2Fregistry.npmmirror.com%2Fp-try%2Fdownload%2Fp-try-2.2.0.tgz"
    integrity sha1-yyhoVA4xPWHeWPr741zpAE1VQOY=
  
  parent-module@^1.0.0:
    version "1.0.1"
    resolved "https://registry.npmmirror.com/parent-module/download/parent-module-1.0.1.tgz?cache=0&sync_timestamp=1633337608538&other_urls=https%3A%2F%2Fregistry.npmmirror.com%2Fparent-module%2Fdownload%2Fparent-module-1.0.1.tgz"
    integrity sha1-aR0nCeeMefrjoVZiJFLQB2LKqqI=
    dependencies:
      callsites "^3.0.0"
  
  parse-json@^5.0.0:
    version "5.2.0"
    resolved "https://registry.nlark.com/parse-json/download/parse-json-5.2.0.tgz?cache=0&sync_timestamp=1621222704918&other_urls=https%3A%2F%2Fregistry.nlark.com%2Fparse-json%2Fdownload%2Fparse-json-5.2.0.tgz"
    integrity sha1-x2/Gbe5UIxyWKyK8yKcs8vmXU80=
    dependencies:
      "@babel/code-frame" "^7.0.0"
      error-ex "^1.3.1"
      json-parse-even-better-errors "^2.3.0"
      lines-and-columns "^1.1.6"
  
  parseurl@~1.3.3:
    version "1.3.3"
    resolved "https://registry.nlark.com/parseurl/download/parseurl-1.3.3.tgz"
    integrity sha1-naGee+6NEt/wUT7Vt2lXeTvC6NQ=
  
  path-exists@^4.0.0:
    version "4.0.0"
    resolved "https://registry.nlark.com/path-exists/download/path-exists-4.0.0.tgz?cache=0&sync_timestamp=1628765027018&other_urls=https%3A%2F%2Fregistry.nlark.com%2Fpath-exists%2Fdownload%2Fpath-exists-4.0.0.tgz"
    integrity sha1-UTvb4tO5XXdi6METfvoZXGxhtbM=
  
  path-is-absolute@^1.0.0:
    version "1.0.1"
    resolved "https://registry.nlark.com/path-is-absolute/download/path-is-absolute-1.0.1.tgz"
    integrity sha1-F0uSaHNVNP+8es5r9TpanhtcX18=
  
  path-parse@^1.0.6:
    version "1.0.7"
    resolved "https://registry.nlark.com/path-parse/download/path-parse-1.0.7.tgz"
    integrity sha1-+8EUtgykKzDZ2vWFjkvWi77bZzU=
  
  path-to-regexp@^6.2.0:
    version "6.2.0"
    resolved "https://registry.nlark.com/path-to-regexp/download/path-to-regexp-6.2.0.tgz"
    integrity sha1-97OAMzYQTDRoia3s5hRmkjBkXzg=
  
  path-type@^4.0.0:
    version "4.0.0"
    resolved "https://registry.nlark.com/path-type/download/path-type-4.0.0.tgz"
    integrity sha1-hO0BwKe6OAr+CdkKjBgNzZ0DBDs=
  
  picocolors@^0.2.1:
    version "0.2.1"
    resolved "https://registry.npmmirror.com/picocolors/download/picocolors-0.2.1.tgz?cache=0&other_urls=https%3A%2F%2Fregistry.npmmirror.com%2Fpicocolors%2Fdownload%2Fpicocolors-0.2.1.tgz"
    integrity sha1-VwZw95NkaFHRuhNZlpYqutWHhZ8=
  
  picocolors@^1.0.0:
    version "1.0.0"
    resolved "https://registry.npmmirror.com/picocolors/download/picocolors-1.0.0.tgz?cache=0&other_urls=https%3A%2F%2Fregistry.npmmirror.com%2Fpicocolors%2Fdownload%2Fpicocolors-1.0.0.tgz"
    integrity sha1-y1vcdP8/UYkiNur3nWi8RFZKuBw=
  
  picomatch@^2.0.4, picomatch@^2.2.1, picomatch@^2.2.2, picomatch@^2.2.3:
    version "2.3.0"
    resolved "https://registry.nlark.com/picomatch/download/picomatch-2.3.0.tgz?cache=0&other_urls=https%3A%2F%2Fregistry.nlark.com%2Fpicomatch%2Fdownload%2Fpicomatch-2.3.0.tgz"
    integrity sha1-8fBh3o9qS/AiiS4tEoI0+5gwKXI=
  
  pinia@^2.0.3:
    version "2.0.3"
    resolved "https://registry.npmjs.org/pinia/-/pinia-2.0.3.tgz"
    integrity sha512-jNq+eVCAbFQS/uOiqskSRsKsFzLcQpgegcpjI8eAzU3QOwmsdLLHZBE1dvy802jecRC3FPPJSlj1MISF/sRV2w==
    dependencies:
      "@vue/devtools-api" "^6.0.0-beta.20"
      vue-demi "*"
  
  postcss-html@^1.2.0:
    version "1.2.0"
    resolved "https://registry.npmjs.org/postcss-html/-/postcss-html-1.2.0.tgz"
    integrity sha512-DEuVLHIf8wwqJtLAVGj0ol00PJFB9byPDZF+p56CAC5ktdlF9lFzLdhqbPxBza/jpBYwn17+fGeqvXxYh+h+CQ==
    dependencies:
      htmlparser2 "^7.1.2"
      postcss "^8.3.11"
      postcss-safe-parser "^6.0.0"
  
  postcss-media-query-parser@^0.2.3:
    version "0.2.3"
    resolved "https://registry.nlark.com/postcss-media-query-parser/download/postcss-media-query-parser-0.2.3.tgz"
    integrity sha1-J7Ocb02U+Bsac7j3Y1HGCeXO8kQ=
  
  postcss-resolve-nested-selector@^0.1.1:
    version "0.1.1"
    resolved "https://registry.nlark.com/postcss-resolve-nested-selector/download/postcss-resolve-nested-selector-0.1.1.tgz"
    integrity sha1-Kcy8fDfe36wwTp//C/FZaz9qDk4=
  
  postcss-safe-parser@^6.0.0:
    version "6.0.0"
    resolved "https://registry.npmjs.org/postcss-safe-parser/-/postcss-safe-parser-6.0.0.tgz"
    integrity sha512-FARHN8pwH+WiS2OPCxJI8FuRJpTVnn6ZNFiqAM2aeW2LwTHWWmWgIyKC6cUo0L8aeKiF/14MNvnpls6R2PBeMQ==
  
  postcss-scss@^4.0.1:
    version "4.0.2"
    resolved "https://registry.npmjs.org/postcss-scss/-/postcss-scss-4.0.2.tgz"
    integrity sha512-xfdkU128CkKKKVAwkyt0M8OdnelJ3MRcIRAPPQkRpoPeuzWY3RIeg7piRCpZ79MK7Q16diLXMMAD9dN5mauPlQ==
  
  postcss-selector-parser@^6.0.6:
    version "6.0.6"
    resolved "https://registry.npmjs.org/postcss-selector-parser/-/postcss-selector-parser-6.0.6.tgz"
    integrity sha512-9LXrvaaX3+mcv5xkg5kFwqSzSH1JIObIx51PrndZwlmznwXRfxMddDvo9gve3gVR8ZTKgoFDdWkbRFmEhT4PMg==
    dependencies:
      cssesc "^3.0.0"
      util-deprecate "^1.0.2"
  
  postcss-sorting@^7.0.1:
    version "7.0.1"
    resolved "https://registry.npmjs.org/postcss-sorting/-/postcss-sorting-7.0.1.tgz"
    integrity sha512-iLBFYz6VRYyLJEJsBJ8M3TCqNcckVzz4wFounSc5Oez35ogE/X+aoC5fFu103Ot7NyvjU3/xqIXn93Gp3kJk4g==
  
  postcss-value-parser@^4.1.0:
    version "4.1.0"
    resolved "https://registry.nlark.com/postcss-value-parser/download/postcss-value-parser-4.1.0.tgz?cache=0&sync_timestamp=1624607970310&other_urls=https%3A%2F%2Fregistry.nlark.com%2Fpostcss-value-parser%2Fdownload%2Fpostcss-value-parser-4.1.0.tgz"
    integrity sha1-RD9qIM7WSBor2k+oUypuVdeJoss=
  
  postcss@^8.1.10, postcss@^8.3.8:
    version "8.3.9"
    resolved "https://registry.npmmirror.com/postcss/download/postcss-8.3.9.tgz"
    integrity sha1-mHVMqgbE7p61nMSL0HO7a9NDfDE=
    dependencies:
      nanoid "^3.1.28"
      picocolors "^0.2.1"
      source-map-js "^0.6.2"
  
  postcss@^8.3.11:
    version "8.3.11"
    resolved "https://registry.npmjs.org/postcss/-/postcss-8.3.11.tgz"
    integrity sha512-hCmlUAIlUiav8Xdqw3Io4LcpA1DOt7h3LSTAC4G6JGHFFaWzI6qvFt9oilvl8BmkbBRX1IhM90ZAmpk68zccQA==
    dependencies:
      nanoid "^3.1.30"
      picocolors "^1.0.0"
      source-map-js "^0.6.2"
  
  prettier@^2.4.1:
    version "2.4.1"
    resolved "https://registry.nlark.com/prettier/download/prettier-2.4.1.tgz"
    integrity sha1-Zx4RyJwUpM/Ids5WQQbEpnJsn1w=
  
  punycode@^2.1.0:
    version "2.1.1"
    resolved "https://registry.nlark.com/punycode/download/punycode-2.1.1.tgz"
    integrity sha1-tYsBCsQMIsVldhbI0sLALHv0eew=
  
  queue-microtask@^1.2.2:
    version "1.2.3"
    resolved "https://registry.nlark.com/queue-microtask/download/queue-microtask-1.2.3.tgz"
    integrity sha1-SSkii7xyTfrEPg77BYyve2z7YkM=
  
  quick-lru@^4.0.1:
    version "4.0.1"
    resolved "https://registry.nlark.com/quick-lru/download/quick-lru-4.0.1.tgz"
    integrity sha1-W4h48ROlgheEjGSCAmxz4bpXcn8=
  
  read-pkg-up@^7.0.1:
    version "7.0.1"
    resolved "https://registry.npmmirror.com/read-pkg-up/download/read-pkg-up-7.0.1.tgz"
    integrity sha1-86YTV1hFlzOuK5VjgFbhhU5+9Qc=
    dependencies:
      find-up "^4.1.0"
      read-pkg "^5.2.0"
      type-fest "^0.8.1"
  
  read-pkg@^5.2.0:
    version "5.2.0"
    resolved "https://registry.nlark.com/read-pkg/download/read-pkg-5.2.0.tgz?cache=0&sync_timestamp=1628984606195&other_urls=https%3A%2F%2Fregistry.nlark.com%2Fread-pkg%2Fdownload%2Fread-pkg-5.2.0.tgz"
    integrity sha1-e/KVQ4yloz5WzTDgU7NO5yUMk8w=
    dependencies:
      "@types/normalize-package-data" "^2.4.0"
      normalize-package-data "^2.5.0"
      parse-json "^5.0.0"
      type-fest "^0.6.0"
  
  readdirp@~3.6.0:
    version "3.6.0"
    resolved "https://registry.nlark.com/readdirp/download/readdirp-3.6.0.tgz"
    integrity sha1-dKNwvYVxFuJFspzJc0DNQxoCpsc=
    dependencies:
      picomatch "^2.2.1"
  
  redent@^3.0.0:
    version "3.0.0"
    resolved "https://registry.nlark.com/redent/download/redent-3.0.0.tgz"
    integrity sha1-5Ve3mYMWu1PJ8fVvpiY1LGljBZ8=
    dependencies:
      indent-string "^4.0.0"
      strip-indent "^3.0.0"
  
  require-from-string@^2.0.2:
    version "2.0.2"
    resolved "https://registry.nlark.com/require-from-string/download/require-from-string-2.0.2.tgz?cache=0&sync_timestamp=1618847010886&other_urls=https%3A%2F%2Fregistry.nlark.com%2Frequire-from-string%2Fdownload%2Frequire-from-string-2.0.2.tgz"
    integrity sha1-iaf92TgmEmcxjq/hT5wy5ZjDaQk=
  
  resize-observer-polyfill@^1.5.1:
    version "1.5.1"
    resolved "https://registry.npmjs.org/resize-observer-polyfill/-/resize-observer-polyfill-1.5.1.tgz"
    integrity sha512-LwZrotdHOo12nQuZlHEmtuXdqGoOD0OhaxopaNFxWzInpEgaLWoVuAMbTzixuosCx2nEG58ngzW3vxdWoxIgdg==
  
  resolve-from@^4.0.0:
    version "4.0.0"
    resolved "https://registry.nlark.com/resolve-from/download/resolve-from-4.0.0.tgz"
    integrity sha1-SrzYUq0y3Xuqv+m0DgCjbbXzkuY=
  
  resolve-from@^5.0.0:
    version "5.0.0"
    resolved "https://registry.nlark.com/resolve-from/download/resolve-from-5.0.0.tgz"
    integrity sha1-w1IlhD3493bfIcV1V7wIfp39/Gk=
  
  resolve@^1.10.0, resolve@^1.19.0, resolve@^1.20.0:
    version "1.20.0"
    resolved "https://registry.npm.taobao.org/resolve/download/resolve-1.20.0.tgz?cache=0&sync_timestamp=1613054862388&other_urls=https%3A%2F%2Fregistry.npm.taobao.org%2Fresolve%2Fdownload%2Fresolve-1.20.0.tgz"
    integrity sha1-YpoBP7P3B1XW8LeTXMHCxTeLGXU=
    dependencies:
      is-core-module "^2.2.0"
      path-parse "^1.0.6"
  
  reusify@^1.0.4:
    version "1.0.4"
    resolved "https://registry.nlark.com/reusify/download/reusify-1.0.4.tgz"
    integrity sha1-kNo4Kx4SbvwCFG6QhFqI2xKSXXY=
  
  rimraf@^3.0.2:
    version "3.0.2"
    resolved "https://registry.nlark.com/rimraf/download/rimraf-3.0.2.tgz"
    integrity sha1-8aVAK6YiCtUswSgrrBrjqkn9Bho=
    dependencies:
      glob "^7.1.3"
  
  rollup@^2.57.0:
    version "2.58.0"
    resolved "https://registry.npmmirror.com/rollup/download/rollup-2.58.0.tgz?cache=0&sync_timestamp=1633071808909&other_urls=https%3A%2F%2Fregistry.npmmirror.com%2Frollup%2Fdownload%2Frollup-2.58.0.tgz"
    integrity sha1-pkOYM2Xnv39bfGKoMxuYO3xMZ/s=
    optionalDependencies:
      fsevents "~2.3.2"
  
  run-parallel@^1.1.9:
    version "1.2.0"
    resolved "https://registry.nlark.com/run-parallel/download/run-parallel-1.2.0.tgz"
    integrity sha1-ZtE2jae9+SHrnZW9GpIp5/IaQ+4=
    dependencies:
      queue-microtask "^1.2.2"
  
  safe-buffer@~5.1.1:
    version "5.1.2"
    resolved "https://registry.nlark.com/safe-buffer/download/safe-buffer-5.1.2.tgz"
    integrity sha1-mR7GnSluAxN0fVm9/St0XDX4go0=
  
  sass@^1.43.4:
    version "1.43.4"
    resolved "https://registry.npmjs.org/sass/-/sass-1.43.4.tgz"
    integrity sha512-/ptG7KE9lxpGSYiXn7Ar+lKOv37xfWsZRtFYal2QHNigyVQDx685VFT/h7ejVr+R8w7H4tmUgtulsKl5YpveOg==
    dependencies:
      chokidar ">=3.0.0 <4.0.0"
  
  "semver@2 || 3 || 4 || 5":
    version "5.7.1"
    resolved "https://registry.nlark.com/semver/download/semver-5.7.1.tgz?cache=0&sync_timestamp=1624607961409&other_urls=https%3A%2F%2Fregistry.nlark.com%2Fsemver%2Fdownload%2Fsemver-5.7.1.tgz"
    integrity sha1-qVT5Ma66UI0we78Gnv8MAclhFvc=
  
  semver@^6.3.0:
    version "6.3.0"
    resolved "https://registry.nlark.com/semver/download/semver-6.3.0.tgz?cache=0&sync_timestamp=1624607961409&other_urls=https%3A%2F%2Fregistry.nlark.com%2Fsemver%2Fdownload%2Fsemver-6.3.0.tgz"
    integrity sha1-7gpkyK9ejO6mdoexM3YeG+y9HT0=
  
  semver@^7.3.4:
    version "7.3.5"
    resolved "https://registry.nlark.com/semver/download/semver-7.3.5.tgz?cache=0&sync_timestamp=1624607961409&other_urls=https%3A%2F%2Fregistry.nlark.com%2Fsemver%2Fdownload%2Fsemver-7.3.5.tgz"
    integrity sha1-C2Ich5NI2JmOSw5L6Us/EuYBjvc=
    dependencies:
      lru-cache "^6.0.0"
  
  signal-exit@^3.0.2:
    version "3.0.5"
    resolved "https://registry.npmmirror.com/signal-exit/download/signal-exit-3.0.5.tgz?cache=0&sync_timestamp=1632949128244&other_urls=https%3A%2F%2Fregistry.npmmirror.com%2Fsignal-exit%2Fdownload%2Fsignal-exit-3.0.5.tgz"
    integrity sha1-nj6MwMdamUcrRDIQM6dwLnc4JS8=
  
  slash@^3.0.0:
    version "3.0.0"
    resolved "https://registry.nlark.com/slash/download/slash-3.0.0.tgz"
    integrity sha1-ZTm+hwwWWtvVJAIg2+Nh8bxNRjQ=
  
  slice-ansi@^4.0.0:
    version "4.0.0"
    resolved "https://registry.nlark.com/slice-ansi/download/slice-ansi-4.0.0.tgz"
    integrity sha1-UA6N0P1VsFgVCGJVsxla3ypF/ms=
    dependencies:
      ansi-styles "^4.0.0"
      astral-regex "^2.0.0"
      is-fullwidth-code-point "^3.0.0"
  
  source-map-js@^0.6.2:
    version "0.6.2"
    resolved "https://registry.npm.taobao.org/source-map-js/download/source-map-js-0.6.2.tgz"
    integrity sha1-C7XeYxtBz72mz7qL0FqA79/SOF4=
  
  source-map@^0.5.0:
    version "0.5.7"
    resolved "https://registry.nlark.com/source-map/download/source-map-0.5.7.tgz?cache=0&sync_timestamp=1624608014898&other_urls=https%3A%2F%2Fregistry.nlark.com%2Fsource-map%2Fdownload%2Fsource-map-0.5.7.tgz"
    integrity sha1-igOdLRAh0i0eoUyA2OpGi6LvP8w=
  
  source-map@^0.6.1:
    version "0.6.1"
    resolved "https://registry.nlark.com/source-map/download/source-map-0.6.1.tgz?cache=0&sync_timestamp=1624608014898&other_urls=https%3A%2F%2Fregistry.nlark.com%2Fsource-map%2Fdownload%2Fsource-map-0.6.1.tgz"
    integrity sha1-dHIq8y6WFOnCh6jQu95IteLxomM=
  
  sourcemap-codec@^1.4.4:
    version "1.4.8"
    resolved "https://registry.nlark.com/sourcemap-codec/download/sourcemap-codec-1.4.8.tgz"
    integrity sha1-6oBL2UhXQC5pktBaOO8a41qatMQ=
  
  spdx-correct@^3.0.0:
    version "3.1.1"
    resolved "https://registry.nlark.com/spdx-correct/download/spdx-correct-3.1.1.tgz"
    integrity sha1-3s6BrJweZxPl99G28X1Gj6U9iak=
    dependencies:
      spdx-expression-parse "^3.0.0"
      spdx-license-ids "^3.0.0"
  
  spdx-exceptions@^2.1.0:
    version "2.3.0"
    resolved "https://registry.nlark.com/spdx-exceptions/download/spdx-exceptions-2.3.0.tgz?cache=0&sync_timestamp=1621222522756&other_urls=https%3A%2F%2Fregistry.nlark.com%2Fspdx-exceptions%2Fdownload%2Fspdx-exceptions-2.3.0.tgz"
    integrity sha1-PyjOGnegA3JoPq3kpDMYNSeiFj0=
  
  spdx-expression-parse@^3.0.0:
    version "3.0.1"
    resolved "https://registry.nlark.com/spdx-expression-parse/download/spdx-expression-parse-3.0.1.tgz"
    integrity sha1-z3D1BILu/cmOPOCmgz5KU87rpnk=
    dependencies:
      spdx-exceptions "^2.1.0"
      spdx-license-ids "^3.0.0"
  
  spdx-license-ids@^3.0.0:
    version "3.0.10"
    resolved "https://registry.nlark.com/spdx-license-ids/download/spdx-license-ids-3.0.10.tgz?cache=0&other_urls=https%3A%2F%2Fregistry.nlark.com%2Fspdx-license-ids%2Fdownload%2Fspdx-license-ids-3.0.10.tgz"
    integrity sha1-DZvszN5wA9bGWNSH3UijLwvzAUs=
  
  specificity@^0.4.1:
    version "0.4.1"
    resolved "https://registry.nlark.com/specificity/download/specificity-0.4.1.tgz?cache=0&sync_timestamp=1620301102332&other_urls=https%3A%2F%2Fregistry.nlark.com%2Fspecificity%2Fdownload%2Fspecificity-0.4.1.tgz"
    integrity sha1-qrXmRQEtsIuhguFRFlc40AiHsBk=
  
  statuses@~1.5.0:
    version "1.5.0"
    resolved "https://registry.nlark.com/statuses/download/statuses-1.5.0.tgz"
    integrity sha1-Fhx9rBd2Wf2YEfQ3cfqZOBR4Yow=
  
  string-width@^4.2.3:
    version "4.2.3"
    resolved "https://registry.npmmirror.com/string-width/download/string-width-4.2.3.tgz"
    integrity sha1-JpxxF9J7Ba0uU2gwqOyJXvnG0BA=
    dependencies:
      emoji-regex "^8.0.0"
      is-fullwidth-code-point "^3.0.0"
      strip-ansi "^6.0.1"
  
  strip-ansi@^6.0.1:
    version "6.0.1"
    resolved "https://registry.npmmirror.com/strip-ansi/download/strip-ansi-6.0.1.tgz?cache=0&sync_timestamp=1632420477162&other_urls=https%3A%2F%2Fregistry.npmmirror.com%2Fstrip-ansi%2Fdownload%2Fstrip-ansi-6.0.1.tgz"
    integrity sha1-nibGPTD1NEPpSJSVshBdN7Z6hdk=
    dependencies:
      ansi-regex "^5.0.1"
  
  strip-indent@^3.0.0:
    version "3.0.0"
    resolved "https://registry.nlark.com/strip-indent/download/strip-indent-3.0.0.tgz"
    integrity sha1-wy4c7pQLazQyx3G8LFS8znPNMAE=
    dependencies:
      min-indent "^1.0.0"
  
  style-search@^0.1.0:
    version "0.1.0"
    resolved "https://registry.nlark.com/style-search/download/style-search-0.1.0.tgz"
    integrity sha1-eVjHk+R+MuB9K1yv5cC/jhLneQI=
  
  stylelint-config-html@^1.0.0:
    version "1.0.0"
    resolved "https://registry.npmjs.org/stylelint-config-html/-/stylelint-config-html-1.0.0.tgz"
    integrity sha512-rKQUUWDpaYC7ybsS6tLxddjn6DxhjSIXybElSmcTyVQj3ExhmU3q+l41ktrlwHRyY0M5SkTkZiwngvYPYmsgSQ==
  
  stylelint-config-prettier@^9.0.3:
    version "9.0.3"
    resolved "https://registry.npmmirror.com/stylelint-config-prettier/download/stylelint-config-prettier-9.0.3.tgz"
    integrity sha1-Dczr7/NZ3MOTySKRhECLCJZNVhw=
  
  stylelint-config-recess-order@^3.0.0:
    version "3.0.0"
    resolved "https://registry.npmjs.org/stylelint-config-recess-order/-/stylelint-config-recess-order-3.0.0.tgz"
    integrity sha512-uNXrlDz570Q7HJlrq8mNjgfO/xlKIh2hKVKEFMTG1/ih/6tDLcTbuvO1Zoo2dnQay990OAkWLDpTDOorB+hmBw==
    dependencies:
      stylelint-order "5.x"
  
  stylelint-config-recommended-scss@^5.0.0:
    version "5.0.1"
    resolved "https://registry.npmjs.org/stylelint-config-recommended-scss/-/stylelint-config-recommended-scss-5.0.1.tgz"
    integrity sha512-kVI5lX8jtaw9uNnnxxziw+LhW59m0x/JzGj8zVepeFQJ56eM4HazN4gMyCRQQSLr/8CXlIHGOW34CV5hIMr3FQ==
    dependencies:
      postcss-scss "^4.0.1"
      stylelint-config-recommended "^6.0.0"
      stylelint-scss "^4.0.0"
  
  stylelint-config-recommended@^6.0.0:
    version "6.0.0"
    resolved "https://registry.npmjs.org/stylelint-config-recommended/-/stylelint-config-recommended-6.0.0.tgz"
    integrity sha512-ZorSSdyMcxWpROYUvLEMm0vSZud2uB7tX1hzBZwvVY9SV/uly4AvvJPPhCcymZL3fcQhEQG5AELmrxWqtmzacw==
  
  stylelint-config-standard-scss@^2.0.1:
    version "2.0.1"
    resolved "https://registry.npmjs.org/stylelint-config-standard-scss/-/stylelint-config-standard-scss-2.0.1.tgz"
    integrity sha512-TW5NLquUSS0mg2N31zzaSbYRbV/CMifSVLdpgo6VdGvjysgYqJOcKM/5bmXucTOsdfqomcPXetFZ3adC7nD+cg==
    dependencies:
      stylelint-config-recommended-scss "^5.0.0"
      stylelint-config-standard "^23.0.0"
  
  stylelint-config-standard@^23.0.0:
    version "23.0.0"
    resolved "https://registry.npmjs.org/stylelint-config-standard/-/stylelint-config-standard-23.0.0.tgz"
    integrity sha512-8PDlk+nWuc1T66nVaODTdVodN0pjuE5TBlopi39Lt9EM36YJsRhqttMyUhnS78oc/59Q6n8iw2GJB4QcoFqtRg==
    dependencies:
      stylelint-config-recommended "^6.0.0"
  
  stylelint-config-standard@^24.0.0:
    version "24.0.0"
    resolved "https://registry.npmjs.org/stylelint-config-standard/-/stylelint-config-standard-24.0.0.tgz"
    integrity sha512-+RtU7fbNT+VlNbdXJvnjc3USNPZRiRVp/d2DxOF/vBDDTi0kH5RX2Ny6errdtZJH3boO+bmqIYEllEmok4jiuw==
    dependencies:
      stylelint-config-recommended "^6.0.0"
  
  stylelint-order@5.x:
    version "5.0.0"
    resolved "https://registry.npmjs.org/stylelint-order/-/stylelint-order-5.0.0.tgz"
    integrity sha512-OWQ7pmicXufDw5BlRqzdz3fkGKJPgLyDwD1rFY3AIEfIH/LQY38Vu/85v8/up0I+VPiuGRwbc2Hg3zLAsJaiyw==
    dependencies:
      postcss "^8.3.11"
      postcss-sorting "^7.0.1"
  
  stylelint-scss@^4.0.0:
    version "4.0.0"
    resolved "https://registry.npmjs.org/stylelint-scss/-/stylelint-scss-4.0.0.tgz"
    integrity sha512-lIRhPqtI6I065EJ6aI4mWKsmQt8Krnu6aF9XSL9s8Nd2f/cDKImST0T9TfjnUul3ReKYWozkG9dlpNTZH2FB9w==
    dependencies:
      lodash "^4.17.15"
      postcss-media-query-parser "^0.2.3"
      postcss-resolve-nested-selector "^0.1.1"
      postcss-selector-parser "^6.0.6"
      postcss-value-parser "^4.1.0"
  
  stylelint@^14.1.0:
    version "14.1.0"
    resolved "https://registry.npmjs.org/stylelint/-/stylelint-14.1.0.tgz"
    integrity sha512-IedkssuNVA11+v++2PIV2OHOU5A3SfRcXVi56vZVSsMhGrgtwmmit69jeM+08/Tun5DTBe7BuH1Zp1mMLmtKLA==
    dependencies:
      balanced-match "^2.0.0"
      cosmiconfig "^7.0.1"
      debug "^4.3.2"
      execall "^2.0.0"
      fast-glob "^3.2.7"
      fastest-levenshtein "^1.0.12"
      file-entry-cache "^6.0.1"
      get-stdin "^8.0.0"
      global-modules "^2.0.0"
      globby "^11.0.4"
      globjoin "^0.1.4"
      html-tags "^3.1.0"
      ignore "^5.1.9"
      import-lazy "^4.0.0"
      imurmurhash "^0.1.4"
      is-plain-object "^5.0.0"
      known-css-properties "^0.23.0"
      mathml-tag-names "^2.1.3"
      meow "^9.0.0"
      micromatch "^4.0.4"
      normalize-path "^3.0.0"
      normalize-selector "^0.2.0"
      picocolors "^1.0.0"
      postcss "^8.3.11"
      postcss-media-query-parser "^0.2.3"
      postcss-resolve-nested-selector "^0.1.1"
      postcss-safe-parser "^6.0.0"
      postcss-selector-parser "^6.0.6"
      postcss-value-parser "^4.1.0"
      resolve-from "^5.0.0"
      specificity "^0.4.1"
      string-width "^4.2.3"
      strip-ansi "^6.0.1"
      style-search "^0.1.0"
      svg-tags "^1.0.0"
      table "^6.7.3"
      v8-compile-cache "^2.3.0"
      write-file-atomic "^3.0.3"
  
  supports-color@^5.3.0:
    version "5.5.0"
    resolved "https://registry.nlark.com/supports-color/download/supports-color-5.5.0.tgz?cache=0&sync_timestamp=1626703400240&other_urls=https%3A%2F%2Fregistry.nlark.com%2Fsupports-color%2Fdownload%2Fsupports-color-5.5.0.tgz"
    integrity sha1-4uaaRKyHcveKHsCzW2id9lMO/I8=
    dependencies:
      has-flag "^3.0.0"
  
  supports-color@^7.1.0:
    version "7.2.0"
    resolved "https://registry.nlark.com/supports-color/download/supports-color-7.2.0.tgz?cache=0&sync_timestamp=1626703400240&other_urls=https%3A%2F%2Fregistry.nlark.com%2Fsupports-color%2Fdownload%2Fsupports-color-7.2.0.tgz"
    integrity sha1-G33NyzK4E4gBs+R4umpRyqiWSNo=
    dependencies:
      has-flag "^4.0.0"
  
  svg-tags@^1.0.0:
    version "1.0.0"
    resolved "https://registry.npm.taobao.org/svg-tags/download/svg-tags-1.0.0.tgz"
    integrity sha1-WPcc7jvVGbWdSyqEO2x95krAR2Q=
  
  table@^6.7.3:
    version "6.7.3"
    resolved "https://registry.npmjs.org/table/-/table-6.7.3.tgz"
    integrity sha512-5DkIxeA7XERBqMwJq0aHZOdMadBx4e6eDoFRuyT5VR82J0Ycg2DwM6GfA/EQAhJ+toRTaS1lIdSQCqgrmhPnlw==
    dependencies:
      ajv "^8.0.1"
      lodash.truncate "^4.4.2"
      slice-ansi "^4.0.0"
      string-width "^4.2.3"
      strip-ansi "^6.0.1"
  
  to-fast-properties@^2.0.0:
    version "2.0.0"
    resolved "https://registry.nlark.com/to-fast-properties/download/to-fast-properties-2.0.0.tgz?cache=0&sync_timestamp=1628418925592&other_urls=https%3A%2F%2Fregistry.nlark.com%2Fto-fast-properties%2Fdownload%2Fto-fast-properties-2.0.0.tgz"
    integrity sha1-3F5pjL0HkmW8c+A3doGk5Og/YW4=
  
  to-regex-range@^5.0.1:
    version "5.0.1"
    resolved "https://registry.nlark.com/to-regex-range/download/to-regex-range-5.0.1.tgz"
    integrity sha1-FkjESq58jZiKMmAY7XL1tN0DkuQ=
    dependencies:
      is-number "^7.0.0"
  
  trim-newlines@^3.0.0:
    version "3.0.1"
    resolved "https://registry.nlark.com/trim-newlines/download/trim-newlines-3.0.1.tgz"
    integrity sha1-Jgpdli2LdSQlsy86fbDcrNF2wUQ=
  
  tslib@2.3.0:
    version "2.3.0"
    resolved "https://registry.nlark.com/tslib/download/tslib-2.3.0.tgz"
    integrity sha1-gDuM2rPhK6WBpMpByIObuw2ssJ4=
  
  type-fest@^0.18.0:
    version "0.18.1"
    resolved "https://registry.npmmirror.com/type-fest/download/type-fest-0.18.1.tgz?cache=0&sync_timestamp=1634020566006&other_urls=https%3A%2F%2Fregistry.npmmirror.com%2Ftype-fest%2Fdownload%2Ftype-fest-0.18.1.tgz"
    integrity sha1-20vBUaSiz07r+a3V23VQjbbMhB8=
  
  type-fest@^0.6.0:
    version "0.6.0"
    resolved "https://registry.npmmirror.com/type-fest/download/type-fest-0.6.0.tgz?cache=0&sync_timestamp=1634020566006&other_urls=https%3A%2F%2Fregistry.npmmirror.com%2Ftype-fest%2Fdownload%2Ftype-fest-0.6.0.tgz"
    integrity sha1-jSojcNPfiG61yQraHFv2GIrPg4s=
  
  type-fest@^0.8.1:
    version "0.8.1"
    resolved "https://registry.npmmirror.com/type-fest/download/type-fest-0.8.1.tgz?cache=0&sync_timestamp=1634020566006&other_urls=https%3A%2F%2Fregistry.npmmirror.com%2Ftype-fest%2Fdownload%2Ftype-fest-0.8.1.tgz"
    integrity sha1-CeJJ696FHTseSNJ8EFREZn8XuD0=
  
  typedarray-to-buffer@^3.1.5:
    version "3.1.5"
    resolved "https://registry.nlark.com/typedarray-to-buffer/download/typedarray-to-buffer-3.1.5.tgz"
    integrity sha1-qX7nqf9CaRufeD/xvFES/j/KkIA=
    dependencies:
      is-typedarray "^1.0.0"
  
  unpipe@~1.0.0:
    version "1.0.0"
    resolved "https://registry.nlark.com/unpipe/download/unpipe-1.0.0.tgz"
    integrity sha1-sr9O6FFKrmFltIF4KdIbLvSZBOw=
  
  uri-js@^4.2.2:
    version "4.4.1"
    resolved "https://registry.nlark.com/uri-js/download/uri-js-4.4.1.tgz"
    integrity sha1-mxpSWVIlhZ5V9mnZKPiMbFfyp34=
    dependencies:
      punycode "^2.1.0"
  
  util-deprecate@^1.0.2:
    version "1.0.2"
    resolved "https://registry.npm.taobao.org/util-deprecate/download/util-deprecate-1.0.2.tgz?cache=0&other_urls=https%3A%2F%2Fregistry.npm.taobao.org%2Futil-deprecate%2Fdownload%2Futil-deprecate-1.0.2.tgz"
    integrity sha1-RQ1Nyfpw3nMnYvvS1KKJgUGaDM8=
  
  utils-merge@1.0.1:
    version "1.0.1"
    resolved "https://registry.nlark.com/utils-merge/download/utils-merge-1.0.1.tgz"
    integrity sha1-n5VxD1CiZ5R7LMwSR0HBAoQn5xM=
  
  v8-compile-cache@^2.3.0:
    version "2.3.0"
    resolved "https://registry.nlark.com/v8-compile-cache/download/v8-compile-cache-2.3.0.tgz"
    integrity sha1-LeGWGMZtwkfc+2+ZM4A12CRaLO4=
  
  validate-npm-package-license@^3.0.1:
    version "3.0.4"
    resolved "https://registry.nlark.com/validate-npm-package-license/download/validate-npm-package-license-3.0.4.tgz"
    integrity sha1-/JH2uce6FchX9MssXe/uw51PQQo=
    dependencies:
      spdx-correct "^3.0.0"
      spdx-expression-parse "^3.0.0"
  
  vite-plugin-mock@^2.9.6:
    version "2.9.6"
    resolved "https://registry.npmmirror.com/vite-plugin-mock/download/vite-plugin-mock-2.9.6.tgz"
    integrity sha1-BN0j3muqBS+qW5rTF1FMkNYgXiU=
    dependencies:
      "@rollup/plugin-node-resolve" "^13.0.4"
      "@types/mockjs" "^1.0.4"
      chalk "^4.1.2"
      chokidar "^3.5.2"
      connect "^3.7.0"
      debug "^4.3.2"
      esbuild "0.11.3"
      fast-glob "^3.2.7"
      path-to-regexp "^6.2.0"
  
  vite@^2.6.14:
    version "2.6.14"
    resolved "https://registry.npmjs.org/vite/-/vite-2.6.14.tgz"
    integrity sha512-2HA9xGyi+EhY2MXo0+A2dRsqsAG3eFNEVIo12olkWhOmc8LfiM+eMdrXf+Ruje9gdXgvSqjLI9freec1RUM5EA==
    dependencies:
      esbuild "^0.13.2"
      postcss "^8.3.8"
      resolve "^1.20.0"
      rollup "^2.57.0"
    optionalDependencies:
      fsevents "~2.3.2"
  
  vue-demi@*:
    version "0.11.4"
    resolved "https://registry.nlark.com/vue-demi/download/vue-demi-0.11.4.tgz"
    integrity sha1-YQGZL+RyTPVjQBihbpU/MFLpTio=
  
  vue-router@^4.0.12:
    version "4.0.12"
    resolved "https://registry.npmjs.org/vue-router/-/vue-router-4.0.12.tgz"
    integrity sha512-CPXvfqe+mZLB1kBWssssTiWg4EQERyqJZes7USiqfW9B5N2x+nHlnsM1D3b5CaJ6qgCvMmYJnz+G0iWjNCvXrg==
    dependencies:
      "@vue/devtools-api" "^6.0.0-beta.18"
  
  vue@^3.2.22:
    version "3.2.22"
    resolved "https://registry.npmjs.org/vue/-/vue-3.2.22.tgz"
    integrity sha512-KD5nZpXVZquOC6926Xnp3zOvswrUyO9Rya7ZUoxWFQEjFDW4iACtwzubRB4Um2Om9kj6CaJOqAVRDSFlqLpdgw==
    dependencies:
      "@vue/compiler-dom" "3.2.22"
      "@vue/compiler-sfc" "3.2.22"
      "@vue/runtime-dom" "3.2.22"
      "@vue/server-renderer" "3.2.22"
      "@vue/shared" "3.2.22"
  
  which@^1.3.1:
    version "1.3.1"
    resolved "https://registry.nlark.com/which/download/which-1.3.1.tgz"
    integrity sha1-pFBD1U9YBTFtqNYvn1CRjT2nCwo=
    dependencies:
      isexe "^2.0.0"
  
  wrappy@1:
    version "1.0.2"
    resolved "https://registry.nlark.com/wrappy/download/wrappy-1.0.2.tgz"
    integrity sha1-tSQ9jz7BqjXxNkYFvA0QNuMKtp8=
  
  write-file-atomic@^3.0.3:
    version "3.0.3"
    resolved "https://registry.nlark.com/write-file-atomic/download/write-file-atomic-3.0.3.tgz"
    integrity sha1-Vr1cWlxwSBzRnFcb05q5ZaXeVug=
    dependencies:
      imurmurhash "^0.1.4"
      is-typedarray "^1.0.0"
      signal-exit "^3.0.2"
      typedarray-to-buffer "^3.1.5"
  
  yallist@^4.0.0:
    version "4.0.0"
    resolved "https://registry.nlark.com/yallist/download/yallist-4.0.0.tgz?cache=0&sync_timestamp=1624607893982&other_urls=https%3A%2F%2Fregistry.nlark.com%2Fyallist%2Fdownload%2Fyallist-4.0.0.tgz"
    integrity sha1-m7knkNnA7/7GO+c1GeEaNQGaOnI=
  
  yaml@^1.10.0:
    version "1.10.2"
    resolved "https://registry.nlark.com/yaml/download/yaml-1.10.2.tgz"
    integrity sha1-IwHF/78StGfejaIzOkWeKeeSDks=
  
  yargs-parser@^20.2.3:
    version "20.2.9"
    resolved "https://registry.nlark.com/yargs-parser/download/yargs-parser-20.2.9.tgz"
    integrity sha1-LrfcOwKJcY/ClfNidThFxBoMlO4=
  
  zrender@5.2.1:
    version "5.2.1"
    resolved "https://registry.nlark.com/zrender/download/zrender-5.2.1.tgz"
    integrity sha1-X0u9qRW6bUErCxncJDG+qtBUF7s=
    dependencies:
      tslib "2.3.0"
